[   .00000] Intializing cgrop ubsys cpuse
[   0.000000] Intializing cgroup subsys cpu
[    0.000000] Initializing cgroup subsys cpuacct
[    0.000000] Linux version 4.4.0-146-generic (buildd@gw0am4-035)gcversi 5.4.0 20160609 (Ubuntu 5.4.0-6ubuntu1~16.04.10) ) #17Ubunu P ed r 08:592 C 2019 (Unt4.4.04672-gnec .4.177)
[  000000] KERN sportedpu:
[   00000]  nt GenuiInl
[   .0000] AMAuthenticAMD
[  0.0000]   NSC Geode by NSC
[    0.000000]   Cyrix CyrixInstead
    0.000000]   CentaurCentaurHauls
[    0.000000]   Transmeta GenuineTMx86
[    0.000000]   Transmeta TransmetaCPU
[    0.000000]   UMC UMC UMUM
[    0000] x86/fpu: xstate_offset[2]:  576, xstate_sizes[2]:  256
[  000000] x86/fpu: Supporting XSAVE feature 0x01: 'x87 floati pnt registers'
[    0.000000] x86/fpu: Supporting XSAVE feature 0x02: 'SSE registers'
[  0.000000] x86/fpu: Supporting XSAVE feature 0x04: 'AVX registers'
[    0.0000]86pu: naedxstae atres 0x7, context size is 832 bytes, using 'standard' format.
[  0000000] e820: BIOS-provided physical RAM map:
[    0.000000] BIOS-e820: [mem 0x0000000000000000-0x000000000009fbff] usable
[    0.000000] BIOS-e820: [mem 0x000000000009fc00-0x000000000009ffff] rerved
[    0.000000] BIOS-e820: [mem 0x00000000000f0000-0x00000000000fffff] reserved
[    0.000000] BIOS-e820: [mem 0x0000000000100000-0x000000003ffeffff] usable
[    0.000000] IOS-e8: em 0x000000003f0000-0x000000003fffffff] ACPI data
[   0.000]BIOS82 [mem 0x00000000fec00000-0x00000000fec00fff] reserved
[    0.000000] BIOS-e820: [mem 0x00000000fee00000-0x00000000fee00fff] reserved
[    0.000000] BIOS-e820: [mem 0x00000000fffc0000-0x00000000ffffffff] reserved
[  00000 N(Exece isabl poteio activ
[    0.00000] SMBIOS 2.5 present.
[    0.000000] Hypervisor detected: KVM
[    0.000000] e820: last_pfn = 0x3fff0 max_arch_pfn = 0x1000000
[    0.000000] MTRR: Disabled
[    0.000000] x86/PAT: MTRRs disabled, skipping PAT initialization too.
[    0.000000] CPU MTRR allla - viuazed syst.[    0000] x86/PAT: Configuration[0]: W W UC- U W  WT  UC- UC  
[    0.000000] found SMP MP-table at [mem 0x0009fff0-0x0009ffff] mapped at [c009fff0]
[   0.0000] Scanning 1 areas for low memory corruption
[  000000] RAMDISK: [mem 0x363c2000-0x371d8fff]
[  000000] ACPI: Early table checksum verification disabled
[    0.000000] ACPI: RSDP 0x00000000000E0000 000024 (v02 VBOX  )
[    0.000000] ACPI: XSDT 0x000000003FFF0030 00003C (v01 VBOX   VBOXXSDT 00000001 ASL  00000061)
[  000000] ACPI: FACP 0x0000000003FFF00F0 0000F4 (v04 VBOX   VBOXFACP 00000001 ASL  00000061)
[    0.000000] ACPI: DSDT 0x000000003FFF0470 0021FF (v02 VBOX   VBOXBIOS 00000002 INTL 20100528)
[    0.000000] ACPI: FACS 0x000000003FFF0200 000040
[    0.000000] ACPI: FACS 0x000000003FFF0200 000040
[    0.000000] ACPI: APIC 0x000000003FFF0240 00005C (v02 VBOX   VBOXAPIC 00000001 ASL  00000061)
[    0.000000] ACPI: SSDT 0x000000003FFF02A0 0001CC (v01 VBOX   VBOXCPUT 00000002 INTL 20100528)
[    0.000000] 131MB HIGHMEM available.
[  0.000000] 891MB LOWMEM available.
[    0.000000]   mapped low ram: 0 - 37bfe000
[    .000000]   low ram: 0 - 37bfe000
[    0.000000] kvm-clock: Using msrs 4b564d01 and 4b564d00
[    0.0000]vm-cloc c 0, m 0:bfd01,riary cpu clock
[    0.000000] kvm-clock: using sched offset of 3216011747 cycles
[    0.000000] clocksource: kvm-clock: mask: 0xffffffffffffffff max_cycles: 0x1cd42e4dffb, max_idle_ns: 881590591483 ns
[  000000] Zone ranges:
[    0.000000]   DMA      [mem 0x0000000000001000-0x0000000000ffffff]
[    0.000000]   Normal   [mem 0x0000000001000000-0x0000000037bfdfff]
[    0.0000] Highem[mem 0x000000037bfe0-0x000000003ffeffff]
[    0.000000] Movable ze start for each node
[    0.000000] Early memory node ranges
[    0.000000]   node   0: [mem 0x0000000000001000-0x00000000009efff]
[    0.000000]   node   0: [mem 0x0000000000100000-0x000000003ffeffff]
[    0.000000] Initmem setup node 0 [mem 0x0000000000001000-0x000000003ffeffff]
[    0.000000] Using APIC driver default
[    0.000000] ACPI PM-Timer IO Port: 0x4008
[    0.000000] IOAPIC[0]: apic_id 2, version 32, addres 0fe000, GSI 0-23
[    0.000000] ACPI: INT_SRC_OVR (bus 0 bus_irq 0 global_irq 2 dfl dfl)
[  0.000000] ACPI: INT_SRC_OVR (bus 0 bus_irq 9 global_irq 9 low level)
[    0.000000] Using ACPI (MADT) for SMP coiguratn formio
[    0.000000] smpboot: Allowing 2 CPUs, 0 hotplug CPUs
[    0.000000] PM: Registered nosave memory: [mem 0x00000000-0x00000fff]
[    0.000000] PM: Registered nosave memory: [mem 0x0009f000-0x0009ffff]
[    0.000000] PM: egistered nosave memory: [mem 0x000a0000-0x000efff]
[    0.000000] PM: Registered nosave memory: [mem 0x000f0000-0x000fffff]
[  000000] e820: [mem 0x40000000-0xfebfffff] available for PCI devices
[  000000] Booting paravirtualized kernel on KVM
[  00000] ocsource: refined-jiffies: mask: 0xffffffff max_cycles: 0xffffffff, max_idle_ns:645519600211568 ns
[    0.000000] setup_percpu: NR_CPUS:8 nr_cpumask_bits:8 nr_cpu_ids:2 nr_node_ids:1
[  0.00000 PCPU: Embedded 19 pages/cpu @f6390000 s47308 r0 d30516 u77824
[    0.000000] Built 1 zonelists in Zone order, mobility grouping on.  Total pages: 259800
[    0.000000] Kernel command line: BOOT_IMAGE=/boot/vmlinuz-4.4.0-146-generic root=LABEL=cloudimg-rootfs ro console=tty1 console=tS0
[    0.000000] PID hashtablentrs: 409(oer: 2, 16384 bytes)   0.0000] ntry cache hash table entries: 131072 (order: 7, 524288 bytes)
[    0.000000] Inode-cache hash table entries: 65536 (order: 6, 262144 bytes)
[    0.000000] Initializing CPU#0
[    0.000000] Initializing HighMem for node 0 (00037bfe:0003fff0)
[    0.000000] Initializing Movable for node 0 (00000000:00000000)
[    0.000000] Memory: 1008328K/104812 ailable (89Kerne code, 788K rwdata, 04 rodata, 932K init, 4Kbss, 39792rerved, K ma-serve, 35112K highmem)
[    0.000000] virtual kernel memory layout:
[    0.000000]     fixmap  : 0xfff15000 - 0xfffff000   ( 936 kB)
[    0.000000]     pkmap   : 0xffc00000 - 0xffe00000   (2048 kB)
[    0.000000]     vmalloc : 0xf83fe000 - 0xffbfe000   ( 120 MB)
[    0.000000]  lowmem  : 0xc0000000 - 0xf7bfe000   ( 891 MB)
[    0.000000]       .init : 0xc1bd3000 - 0xc1cbc000   ( 932 kB)
[    0.000000]       .data : 0xc17e92c8 - 0xc1bd1300   (4000 kB
[  0.00]     ext : 0100000 - 0xc17e92c8   (8100 kB)
[    0.000000] Checking if this processor honours the WP bit even in supervisor mode...Ok.
[    0.000000] SLUB: HWalign=64, Order=0-3, MinObjects=0, CPUs=2, Nodes=1
[    0.000000] Hierarchical RCU implementation.
[    0.00000] 	Build-time adjustment of leaf fanout to 32.
[    0.000000] 	RCU restricting CPUs from NR_CPUS=8 to nr_cpu_ids=2.
[    0.000000] RCU: Adjusing geometry for rcu_fnout_leaf=32, nr_cpu_ids=2
[  000000] NIR:2304r_qs:440 1
[    0.000000] Console: colour VGA+ 80x25
[    0.000000] console [tty1] enabled
[    0.000000] console [ttyS0] enabled
[    0.000000] allocated 1048576 bytes of page_ext
[    0.000000] tsc: Detected 3599.998 MHz processor
[   5.337895] Calibrating delay loop (skipped) preset value.. 7199.99 BogoMIPS (lpj=14399992)
[    5.391735] pid_max: default: 32768 minimum: 301
[    5.445318] ACPI: Core revision 20150930
[    5.447411] ACPI: 2 ACPI AML tables successfully acquired and loaded
[    5.448611] Security Framework initialized
[    5.473572] Yama: becoming mindful.
[    5.521672] AppArmor: AppArmor initialized
[    5.536268] Mount-cache hash table entries: 2048 (order: 1, 8192 bytes)
[    5.553029] Mountpoint-cache hash table entries: 2048 (order: 1, 8192 bytes)
[    5.567195] Initializing cgroup subsys io
[    5.594119] Initializing cgroup subsys memory
[    5.613416] Initializing cgroup subsys devices
[    5.627748] Initializing cgroup subsys freezer
[    5.661563] Initializing cgroup subsys net_cls
[    5.666404] Initializing cgroup subsys perf_event
[    5.667358] Initializing cgroup subsys net_prio
[    5.668271] Initializing cgroup subsys hugetlb
[    5.669174] Initializing cgroup subsys pids
[    5.687562] mce: CPU supports 0 MCE banks
[    5.722744] Last level iTLB entries: 4KB 64, 2MB 8, 4MB 8
[    5.746277] Last level dTLB entries: 4KB 64, 2MB 0, 4MB 0, 1GB 4
[    5.747596] Spectre V2 : Mitigation: Full generic retpoline
[    5.748700] Spectre V2 : Spectre v2 / SpectreRSB mitigation: Filling RSB on context switch
[    5.754337] Speculative Store Bypass: Vulnerable
[    5.765350] Freeing SMP alternatives memory: 36K
[    5.783544] ftrace: allocating 31561 entries in 62 pages
[    5.842690] smpboot: APIC(0) Converting physical 0 to logical package 0
[    5.856749] smpboot: Max logical packages: 1
[    5.878829] Enabling APIC mode:  Flat.  Using 1 I/O APICs
[    5.881155] ..TIMER: vector=0x30 apic1=0 pin1=2 apic2=-1 pin2=-1
[    5.989489] smpboot: CPU0: Intel(R) Core(TM) i7-7700 CPU @ 3.60GHz (family: 0x6, model: 0x9e, stepping: 0x9)
[    6.044463] Performance Events: unsupported p6 CPU model 158 no PMU driver, software events only.
[    6.118954] KVM setup paravirtual spinlock
[    6.182751] x86: Booting SMP configuration:
[    6.238911] .... node  #0, CPUs:      #1
[1266874886.493539] Initializing CPU#1
[    6.271154] kvm-clock: cpu 1, msr 0:37bfd041, secondary cpu clock
[    6.280173] mce: CPU supports 0 MCE banks
[    6.282757] x86: Booted up 1 node, 2 CPUs
[    6.283850] smpboot: Total of 2 processors activated (14399.99 BogoMIPS)
[    6.314439] devtmpfs: initialized
[    6.329760] evm: security.selinux
[    6.330541] evm: security.SMACK64
[    6.331256] evm: security.SMACK64EXEC
[    6.332072] evm: security.SMACK64TRANSMUTE
[    6.340388] evm: security.SMACK64MMAP
[    6.354904] evm: security.ima
[    6.355671] evm: security.capability
[    6.356666] clocksource: jiffies: mask: 0xffffffff max_cycles: 0xffffffff, max_idle_ns: 7645041785100000 ns
[    6.365189] futex hash table entries: 512 (order: 3, 32768 bytes)
[    6.366630] pinctrl core: initialized pinctrl subsystem
[    6.380788] RTC time:  0:30:53, date: 05/09/19
[    6.381817] NET: Registered protocol family 16
[    6.382926] EISA bus registered
[    6.394634] cpuidle: using governor ladder
[    6.437529] cpuidle: using governor menu
[    6.488594] PCCT header not found.
[    6.556054] ACPI: bus type PCI registered
[    6.635898] acpiphp: ACPI Hot Plug PCI Controller Driver version: 0.5
[    6.656403] PCI : PCI BIOS area is rw and x. Use pci=nobios if you want it NX.
[    6.657927] PCI: PCI BIOS revision 2.10 entry at 0xfda26, last bus=0
[    6.672729] PCI: Using configuration type 1 for base access
[    6.687516] ACPI: Added _OSI(Module Device)
[    6.688483] ACPI: Added _OSI(Processor Device)
[    6.709218] ACPI: Added _OSI(3.0 _SCP Extensions)
[    6.732872] ACPI: Added _OSI(Processor Aggregator Device)
[    6.760309] ACPI: Executed 1 blocks of module-level executable AML code
[    6.825520] ACPI: Interpreter enabled
[    6.826301] ACPI: (supports S0 S5)
[    6.871255] ACPI: Using IOAPIC for interrupt routing
[    6.958321] PCI: Using host bridge windows from ACPI; if necessary, use "pci=nocrs" and report a bug
[    6.983229] ACPI: PCI Root Bridge [PCI0] (domain 0000 [bus 00-ff])
[    6.984395] acpi PNP0A03:00: _OSC: OS supports [ASPM ClockPM Segments MSI]
[    7.001568] acpi PNP0A03:00: _OSC: not requesting OS control; OS requires [ExtendedConfig ASPM ClockPM MSI]
[    7.112734] acpi PNP0A03:00: fail to add MMCONFIG information, can't access extended PCI configuration space under this bridge.
[    7.130170] PCI host bridge to bus 0000:00
[    7.131032] pci_bus 0000:00: root bus resource [io  0x0000-0x0cf7 window]
[    7.145628] pci_bus 0000:00: root bus resource [io  0x0d00-0xffff window]
[    7.161623] pci_bus 0000:00: root bus resource [mem 0x000a0000-0x000bffff window]
[    7.192635] pci_bus 0000:00: root bus resource [mem 0x40000000-0xfdffffff window]
[    7.200318] pci_bus 0000:00: root bus resource [bus 00-ff]
[    7.222430] pci 0000:00:01.1: legacy IDE quirk: reg 0x10: [io  0x01f0-0x01f7]
[    7.230479] pci 0000:00:01.1: legacy IDE quirk: reg 0x14: [io  0x03f6]
[    7.258513] pci 0000:00:01.1: legacy IDE quirk: reg 0x18: [io  0x0170-0x0177]
[    7.286117] pci 0000:00:01.1: legacy IDE quirk: reg 0x1c: [io  0x0376]
[    7.297268] pci 0000:00:07.0: quirk: [io  0x4000-0x403f] claimed by PIIX4 ACPI
[    7.335343] pci 0000:00:07.0: quirk: [io  0x4100-0x410f] claimed by PIIX4 SMB
[    7.340888] ACPI: PCI Interrupt Link [LNKA] (IRQs 5 9 10 *11)
[    7.351529] ACPI: PCI Interrupt Link [LNKB] (IRQs 5 9 *10 11)
[    7.352891] ACPI: PCI Interrupt Link [LNKC] (IRQs 5 *9 10 11)
[    7.360298] ACPI: PCI Interrupt Link [LNKD] (IRQs 5 9 10 *11)
[    7.363559] ACPI: Enabled 2 GPEs in block 00 to 07
[    7.364888] vgaarb: setting as boot device: PCI:0000:00:02.0
[    7.413058] vgaarb: device added: PCI:0000:00:02.0,decodes=io+mem,owns=io+mem,locks=none
[    7.429938] vgaarb: loaded
[    7.444409] vgaarb: bridge control possible 0000:00:02.0
[    7.451799] SCSI subsystem initialized
[    7.452856] ACPI: bus type USB registered
[    7.458185] usbcore: registered new interface driver usbfs
[    7.476784] usbcore: registered new interface driver hub
[    7.484831] usbcore: registered new device driver usb
[    7.486099] PCI: Using ACPI for IRQ routing
[    7.533303] NetLabel: Initializing
[    7.546656] NetLabel:  domain hash size = 128
[    7.547547] NetLabel:  protocols = UNLABELED CIPSOv4
[    7.548529] NetLabel:  unlabeled traffic allowed by default
[    7.549856] amd_nb: Cannot enumerate AMD northbridges
[    7.552229] clocksource: Switched to clocksource kvm-clock
[    7.570828] AppArmor: AppArmor Filesystem Enabled
[    7.578348] pnp: PnP ACPI init
[    7.579742] pnp: PnP ACPI: found 3 devices
[    7.580638] PnPBIOS: Disabled by ACPI PNP
[   7.622268] clocksource: acpi_pm: mask: 0xffffff max_cycles: 0xffffff, max_idle_ns: 2085701024 ns
[  7.449] NT:egted otolamy 

[    8.183670] TCP established hash table entries: 8192 (order: 3, 32768 bytes)
[    8.185039] TCP bind hash table entries: 8192 (order: 4, 65536 bytes)
[  8.192776] TCP: Hash tables configured (established 8192 bind 8192)
[    8.241363] UDP hash table entries: 512 (order: 2, 16384 bytes)
[    8.242589] UDP-Lite hash table entrs:12orr:, 38bys)[  86612]ETRestedrocofaly
  9.86] i 0000::00: Limitg re PCIPCI ransfers
[    9.799395] pci 0000:00:01.0: Activating ISA DMA hang workarounds
[    9.800640] Unpacking initramfs...

[   10.083027] Freeing initrd memory: 14428K
[   10.139040] platform rtc_cmos: registered platform RTC device (no PNP device found)
[   10.291605] Scanning for low memory corruption every 60 seconds
[   10.389587] audit: initializing netlink subsys (disabled)
[   10.423495] audit: type=2000 audit(1557361855.359:1): initialized
[   10.424922] Initialise system trusted keyring
[   10.452810] HugeTLB registered 2 MB page size, pre-allocated 0 pages
[   10.468521] zbud: loaded
[   10.522661] VFS: Disk quotas dquot_6.6.0
[   10.586930] VFS: Dquot-cache hash table entries: 1024 (order 0, 4096 bytes)
[   10.602059] squashfs: version 4.0 (2009/01/31) Phillip Lougher
[   10.657770] fuse init (API version 7.23)
[   10.685929] Key type big_key registered
[   10.693694] Allocating IMA MOK and blacklist keyrings.
[   10.709456] Key type asymmetric registered
[   10.710347] Asymmetric key parser 'x509' registered
[   10.711355] bounce: pool size: 64 pages
[   10.719487] Block layer SCSI generic (bsg) driver version 0.4 loaded (major 249)
[   10.721147] io scheduler noop registered
[   10.735613] io scheduler deadline registered (default)
[   10.750453] io scheduler cfq registered
[   10.770815] pci_hotplug: PCI Hot Plug PCI Core version: 0.5
[   10.784865] pciehp: PCI Express Hot Plug Controller Driver version: 0.4
[   10.786239] ACPI: AC Adapter [AC] (on-line)
[   10.787176] input: Power Button as /devices/LNXSYSTM:00/LNXPWRBN:00/input/input0
[   10.801778] ACPI: Power Button [PWRF]
[   10.881191] input: Sleep Button as /devices/LNXSYSTM:00/LNXSLPBN:00/input/input1
[   10.904584] ACPI: Sleep Button [SLPF]
[   10.919301] GHES: HEST is not enabled!
[   10.965150] isapnp: Scanning for PnP cards...
[   11.030164] Serial: 8250/16550 driver, 32 ports, IRQ sharing enabled
[   11.053418] 00:02: ttyS0 at I/O 0x3f8 (irq = 4, base_baud = 115200) is a 16550A
[   11.077097] Linux agpgart interface v0.103
[   11.086677] loop: module loaded
[   11.107582] scsi host0: ata_piix
[   11.108434] scsi host1: ata_piix
[   11.122733] ata1: PATA max UDMA/33 cmd 0x1f0 ctl 0x3f6 bmdma 0xd000 irq 14
[   11.161862] ata2: PATA max UDMA/33 cmd 0x170 ctl 0x376 bmdma 0xd008 irq 15
[   11.167438] tsc: Refined TSC clocksource calibration: 3601.734 MHz
[   11.167439] clocksource: tsc: mask: 0xffffffffffffffff max_cycles: 0x33eab9640c9, max_idle_ns: 440795267262 ns
[   11.292642] libphy: Fixed MDIO Bus: probed
[   11.311238] tun: Universal TUN/TAP device driver, 1.6
[   11.312198] tun: (C) 1999-2004 Max Krasnyansky <maxk@qualcomm.com>
[   11.313443] PPP generic driver version 2.4.2
[   11.314353] ehci_hcd: USB 2.0 'Enhanced' Host Controller (EHCI) Driver
[   11.315673] ehci-pci: EHCI PCI platform driver
[   11.344644] ehci-platform: EHCI generic platform driver
[   11.357953] ohchc U 1.1 'Open' Host Controller (OHCI) Driver
[   11.388174] isapnp: No Plug & Play device fnd
[   11.623956] ohci-pci: OHCI PCI platform driver
[   11.626913] ohci-platform: OHCI generic platform driver
[   11.627978] uhci_hcd: USB Universal Host Controller Interface driver
[   11.629228] i8042: PNP: PS/2 Controller [PNP0303:PS2K,PNP0f03:P2Matx6,0x64 irq 1,12
[   11.776855] serio: i8042 KBD port at 0x60,0x64 irq 1
[   11.783986] serio: i8042 AUX port at 0x60,0x64 irq 12
[   11.785242] mousedev: PS/2 mouse device common for all mice
[   11.793113] rtc_cmos rtc_cmos: rtc core: registered rtc_cmos as rtc0
[   11.800945] rtc_cmos rtc_cmos: alarms up to one day, 114 bytes nvram
[   11.829470] i2c /dev entries driver
[   11.843288] input: AT Translated Set 2 keyboard as /devices/platform/i8042/serio0/input/input2
[   11.845219] device-mapper: uevent: version 1.0.3
[   11.846342] device-mapper: ioctl: 4.34.0-ioctl (2015-10-28) initialised: dm-devel@redhat.com
[   11.848396] platform eisa.0: Probing EISA bus 0
[   11.862906] platform eisa.0: EISA: Cannot allocate resource for mainboard
[   11.864230] platform eisa.0: Cannot allocate resource for EISA slot 1
[   11.874015] platform eisa.0: Cannot allocate resource for EISA slot 2
[   11.875285] platform eisa.0: Cannot allocate resource for EISA slot 3
[   12.033495] platform eisa.0: Cannot allocate resource for EISA slot 4
[   12.040991] platform eisa.0: Cannot allocate resource for EISA slot 5
[   12.076789] platform eisa.0: Cannot allocate resource for EISA slot 6
[   12.092582] platform eisa.0: Cannot allocate resource for EISA slot 7
[   12.096601] platform eisa.0: Cannot allocate resource for EISA slot 8
[   12.103262] platform eisa.0: EISA: Detected 0 cards
[   12.104158] cpufreq-nforce2: No nForce2 chipset.
[   12.135146] ledtrig-cpu: registered to indicate activity on CPUs
[   12.136653] NET: Registered protocol family 10
[   12.139824] NET: Registered protocol family 17
[   12.142248] Key type dns_resolver registered
[   12.156914] Using IPI No-Shortcut mode
[   12.177545] registered taskstats version 1
[   12.191658] Loading compiled-in X.509 certificates
[   12.234423] Loaded X.509 cert 'Build time autogenerated kernel key: 56be136ccd6c287fae9666a12323e6ec8043de9a'
[   12.328633] zswap: loaded using pool lzo/zbud
[   12.331654] Key type trusted registered
[   12.335052] Key type encrypted registered
[   12.335931] AppArmor: AppArmor sha1 policy hashing enabled
[   12.337126] ima: No TPM chip found, activating TPM-bypass!
[   12.384901] ima: Allocated hash algorithm: sha1
[   12.389134] evm: HMAC attrs: 0x1
[   12.428076]   Magic number: 3:144:506
[   12.465207] rtc_cmos rtc_cmos: setting system clock to 2019-05-09 00:30:59 UTC (1557361859)
[   12.537905] BIOS EDD facility v0.16 2004-Jun-25, 0 devices found
[   12.564973] EDD information not available.
[   12.613629] Freeing unused kernel memory: 932K
[   12.732890] Write protecting the kernel text: 8104k
[   12.746475] Write protecting the kernel read-only data: 3208k
[   12.754356] NX-protecting the kernel data: 6232k
Loading, please wait...
starting version[   12.789170] random: systemd-udevd: uninitialized urandom read (16 bytes read, 0 bits of entropy available)
 229
[   12.789402] random: udevadm: uninitialized urandom read (16 bytes read, 0 bits of entropy available)
[   12.797638] random: udevadm: uninitialized urandom read (16 bytes read, 0 bits of entropy available)
[   12.797673] random: udevadm: uninitialized urandom read (16 bytes read, 0 bits of entropy available)
[   12.797784] random: udevadm: uninitialized urandom read (16 bytes read, 0 bits of entropy available)
[   12.797826] random: udevadm: uninitialized urandom read (16 bytes read, 0 bits of entropy available)
[   12.797867] random: udevadm: uninitialized urandom read (16 bytes read, 0 bits of entropy available)
[   12.797913] random: udevadm: uninitialized urandom read (16 bytes read, 0 bits of entropy available)
[   12.797954] random: udevadm: uninitialized urandom read (16 bytes read, 0 bits of entropy available)
[   12.797995] random: udevadm: uninitialized urandom read (16 bytes read, 0 bits of entropy available)
[   13.067663] Fusion MPT base driver 3.04.20
[   13.087820] Copyright (c) 1999-2008 LSI Corporation
[   13.101144] e1000: Intel(R) PRO/1000 Network Driver - version 7.3.21-k8-NAPI
[   13.102332] e1000: Copyright (c) 1999-2006 Intel Corporation.
[   13.145310] Fusion MPT SPI Host driver 3.04.20
[   13.326099] input: ImExPS/2 Generic Explorer Mouse as /devices/platform/i8042/serio1/input/input4
[   13.500200] e1000 0000:00:03.0 eth0: (PCI:33MHz:32-bit) 02:9d:0b:4d:ea:08
[   13.577782] e1000 0000:00:03.0 eth0: Intel(R) PRO/1000 Network Connection
[   13.699223] mptbase: ioc0: Initiating bringup
[   13.699431] e1000 0000:00:03.0 enp0s3: renamed from eth0
[   13.884183] ioc0: LSI53C1030 A0: Capabilities={Initiator}
[   14.930912] scsi host2: ioc0: LSI53C1030 A0, FwRev=00000000h, Ports=1, MaxQ=256, IRQ=20
[   15.972908] scsi 2:0:0:0: Direct-Access     VBOX     HARDDISK         1.0  PQ: 0 ANSI: 5
[   16.007828] scsi target2:0:0: Beginning Domain Validation
[   16.011018] scsi target2:0:0: Domain Validation skipping write tests
[   16.012090] scsi target2:0:0: Ending Domain Validation
[   16.013169] scsi target2:0:0: asynchronous
[   16.014908] scsi 2:0:1:0: Direct-Access     VBOX     HARDDISK         1.0  PQ: 0 ANSI: 5
[   16.016535] scsi target2:0:1: Beginning Domain Validation
[   16.019902] scsi target2:0:1: Domain Validation skipping write tests
[   16.167279] scsi target2:0:1: Ending Domain Validation
[   16.425283] scsi target2:0:1: asynchronous
[   16.455066] sd 2:0:0:0: Attached scsi generic sg0 type 0
[   16.455106] sd 2:0:0:0: [sda] 20971520 512-byte logical blocks: (10.7 GB/10.0 GiB)
[   16.455317] sd 2:0:0:0: [sda] Write Protect is off
[   16.455398] sd 2:0:0:0: [sda] Incomplete mode parameter data
[   16.455399] sd 2:0:0:0: [sda] Assuming drive cache: write through
[   16.456305]  sda: sda1
[   16.456783] sd 2:0:0:0: [sda] Attached SCSI disk
[   16.662080] sd 2:0:1:0: Attached scsi generic sg1 type 0
[   16.662325] sd 2:0:1:0: [sdb] 20480 512-byte logical blocks: (10.5 MB/10.0 MiB)
[   16.662652] sd 2:0:1:0: [sdb] Write Protect is off
[   16.662888] sd 2:0:1:0: [sdb] Incomplete mode parameter data
[   16.662889] sd 2:0:1:0: [sdb] Assuming drive cache: write through
[   16.688638] sd 2:0:1:0: [sdb] Attached SCSI disk
Begin: Loading e[   18.219484] md: linear personality registered for level -1
ssential drivers[   18.247880] md: multipath personality registered for level -4
 ... [   18.260584] md: raid0 personality registered for level 0
[   18.329791] md: raid1 personality registered for level 1
[   18.492688] raid6: mmxx1    gen()  7351 MB/s
[   18.624283] raid6: mmxx2    gen()  7545 MB/s
[   18.696429] raid6: sse1x1   gen()  6007 MB/s
[   18.796713] raid6: sse1x2   gen()  7625 MB/s
[   18.864513] raid6: sse2x1   gen() 12748 MB/s
[   18.964618] raid6: sse2x1   xor()  9899 MB/s
[   19.040676] raid6: sse2x2   gen() 16288 MB/s
[   19.156257] raid6: sse2x2   xor() 10626 MB/s
[   19.256416] raid6: avx2x1   gen() 26027 MB/s
[   19.352468] raid6: avx2x2   gen() 24332 MB/s
[   19.396864] raid6: using algorithm avx2x1 gen() 26027 MB/s
[   19.445882] raid6: using avx2x1 recovery algorithm
[   19.505426] xor: automatically using best checksumming function:
[   19.577022]    avx       : 27773.000 MB/sec
[   19.628442] async_tx: api initialized (async)
[   19.646508] md: raid6 personality registered for level 6
[   19.658081] md: raid5 personality registered for level 5
[   19.664892] md: raid4 personality registered for level 4
[   19.689168] md: raid10 personality registered for level 10
done.
Begin: Running /scripts/init-premount ... done.
Begin: Mounting root file system ... Begin: Running /scripts/local-top ... done.
Begin: Running /scripts/local-premount ... [   19.746486] Btrfs loaded
Scanning for Btrfs filesystems
done.
Warning: fsck not present, so sk[   19.808215] EXT4-fs (sda1): mounted filesystem with ordered data mode. Opts: (null)
ipping root file system
done.
Begin: Running /scripts/local-bottom ... done.
Begin: Running /scripts/init-bottom ... done.
[   19.961336] systemd[1]: systemd 229 running in system mode. (+PAM +AUDIT +SELINUX +IMA +APPARMOR +SMACK +SYSVINIT +UTMP +LIBCRYPTSETUP +GCRYPT +GNUTLS +ACL +XZ -LZ4 +SECCOMP +BLKID +ELFUTILS +KMOD -IDN)
[   19.964540] systemd[1]: Detected virtualization oracle.
[   19.965517] systemd[1]: Detected architecture x86.

Welcome to [1mUbuntu 16.04.6 LTS[0m!

[   20.0457]ystem1]Sehotne  <un>.
[   20.570660] systemd[1]: Initializing machine ID from random generator.
[   20.639531] systemd[1]: Installed transient /etc/machine-id file.
[   20.845505] random: nonblocking pool is initialized
[   20.885458] systemd[1]: Reached target Swap.
[[0;32m  OK  [0m] Reached target Swap.
[   20.964 sstd[: Listengn M2 metadata daemon socket.

[[0;32m  OK  [0m] Listening on LVM2 metadata daemon socket.
[ 2161637] syem1]Liening on evControl Socket.
[[0;32m  OK  [0m] Listening on udev Control Socket.
[   21.734 systemd1]: Listening on Journal Audit Socket.
[[0;32m  OK  [0m] Listening on Journal Audit Socket.
[   21.947003] systemd[1]: Created slice System Slice.
[[0;32m  OK  [0m] Created slice System Slice.
[   21.952120] systemd[1]: Created slice system-serial\x2dgetty.slice.
[[0;32m  OK  [0m] Created slice system-serial\x2dgetty.slice.
[   21.965558] systemd[1]: Listening on Journal Socket.
[[0;32m  OK  [0m] Listening on Journal Socket.
[   22.032983] systemd[1]: Mounting Huge Pages File System...
         Mounting Huge Pages File System...
[   22.112916] systemd[1]: Starting Load Kernel Modules...
[   22.158533] Loading iSCSI transport class v2.0-870.
         Startin[   22.226770] iscsi: registered transport (tcp)
g Load Kernel Modules...
[   22.297245] systemd[1]: Starting Set console keymap...
[   22.355364] iscsi: registered transport (iser)
         Starting Set console keymap...
[   22.436852] systemd[1]: Started Forward Password Requests to Wall Directory Watch.
[[0;32m  OK  [0m] Started Forward Password Requests to Wall Directory Watch.
[   22.629343] systemd[1]: Starting Uncomplicated firewall...
         Starting Uncomplicated firewall...
[   22.666020] systemd[1]: Set up automount Arbitrary Executable File Formats File System Automount Point.
[[0;32m  OK  [0m] Set up automount Arbitrary Executab...ats File System Automount Point.
[   22.928937] systemd[1]: Starting Create list of required static device nodes for the current kernel...
         Starting Create list of required st... nodes for the current kernel...
[   22.990482] systemd[1]: Listening on Journal oct delog).
[[0;32m  OK  [0m] Listening on Journal Socket (/dev/log).
[   23.70] std[: acd targ Ur d Gro Ne Lookups.

[[0;32m  OK  [0m] Reached target User and Group Name Lookups.
[   23.901232] systemd[1]: Reached target System Time Synchronized.
[[0;32m  OK  [0m] Reached target System Time Synchronized.
[   23.921721] systemd[1]: Listening on udev Kernel Socket.
[[0;32m  OK  [0m] Listening on udev Kernel Socket.
[   23.944902] systemd[1]: Starting Nameserver information manager...
         Starting Nameserver information manager...
[   24.059584] systemd[1]: Listening on /dev/initctl Compatibility Named Pipe.
[[0;32m  OK  [0m] Listening on /dev/initctl Compatibility Named Pipe.
[   24.076875] systemd[1]: Mounting POSIX Message Queue File System...
         Mounting POSIX Message Queue File System...
[   24.140672] systemd[1]: Listening on Device-mapper event daemon FIFOs.
[[0;32m  OK  [0m] Listening on Device-mapper event daemon FIFOs.
[   24.193142] systemd[1]: Starting Monitoring of LVM2 mirrors, snapshots etc. using dmeventd or progress polling...
         Starting Monitoring of LVM2 mirrors... dmeventd or progress polling...
[   24.329765] system1]Rehetarget Encrypted Vum.

[[0;32m  OK  [0m] Reached target Encrypted Volumes.
[   24.681398] systemd[1]: Starting Remount Root and Kernel File Systems...
[   24.686642] EXT4-fs (sda1): re-mounted. Opts: (null)
         Starting Remount Root and Kernel File Systems...
[   24.9023 systemd[1]: Created slice User and Ssi Sice.
[[0;32m  OK  [0m] Created slice User and Session Slice.
[   25.192616] systemd[1]: Reached target Slices.
[[0;32m  OK  [0m] Reached target Slices.
[  2221046] systemd[1]: Started Trigger resolvconf update for networkd DNS.

[[0;32m  OK  [0m] Started Trigger resolvconf update for networkd DNS.
[   25.340875] systemd[1]: Mounting Debug File System...
         Mounting Debug File System...
[ 25241]ysem1]Listening on LVM2 poll daemon socket.
[[0;32m  OK  [0m] Listening on LVM2 poll daemon socket.
[ 25817534] systemd[1]: Listening on Syslog Socket.
[[0;32m  OK  [0m] Listening on Syslog Socket.
[   25.964790] systemd[1]: Starting Journal Service...
         Starting Journal Service...
[   26.050169] systemd[1]: Mounted POSIX Message Queue File System.
[[0;32m  OK  [0m] Mounted POSIX Message Queue File System.
[  26.1210] std[1]: Mounted Debug Fileysm.
[[0;32m  OK  [0m] Mounted Debug File System.
[ 26179]ysmd1]: MoteHue Pags leysm.

[[0;32m  OK  [0m] Mounted Huge Pages File System.
[  27.136940] std[]]: Sard oualervic

[[0;32m  OK  [0m] Started Journal Service.
[[0;32m  OK  [0m] Started Load Kernel Modules.
[[0;32m  OK  [0m] Started Set console keymap.
[[0;32m  OK  [0m] Started Uncomplicated firewall.
[[0;32m  OK  [0m] Started Create list of required sta...ce nodes for the current kernel.
[[0;32m  OK  [0m] Started Remount Root and Kernel File Systems.
[[0;32m  OK  [0m] Started Nameserver information manager.
[[0;32m  OK  [0m] Started LVM2 metadata daemon.
         Starting Load/Save Random Seed...
         Starting udev Coldplug all Devices...
         Starting Create Static Device Nodes in /dev...
         Mounting FUSE Control File System...
         Starting Apply Kernel Variables...
         Starting Flush Journal to Persistent Storage...
[[0;32m  OK  [0m] Mounted FUSE Control File System.
[[0;32m  OK  [0m] Started Monitoring of LVM2 mirrors,...ng dmeventd or progress polling.
[[0;32m  OK  [0m] Started Load/Save Random Seed.
[[0;32m  OK  [0m] Started Create Static Device Nodes in /dev.
[[0;32m  OK  [0m] Started Apply Kernel Variables.
[[0;32m  OK  [0m] Started udev Coldplug all Devices.
[[0;32m  OK  [0m] Started Flush Journal to Persistent Storage.
         Starting udev Kernel Device Manager...
[[0;32m  OK  [0m] Reached target Local File Systems (Pre).
[[0;32m  OK  [0m] Reached target Local File Systems.
         Starting Initial cloud-init job (pre-networking)...
         Starting Set console font and keymap...
         Starting Tell Plymouth To Write Out Runtime Data...
         Starting LSB: AppArmor initialization...
         Starting Create Volatile Files and Directories...
         Starting Commit a transient machine-id on disk...
[[0;32m  OK  [0m] Started udev Kernel Device Manager.
[[0;32m  OK  [0m] Started Tell Plymouth To Write Out Runtime Data.
[[0;32m  OK  [0m] Started Create Volatile Files and Directories.
         Starting Update UTMP about System Boot/Shutdown...
[[0;32m  OK  [0m] Started Dispatch Password Requests to Console Directory Watch.
[[0;32m  OK  [0m] Started Commit a transient machine-id on disk.
[[0;32m  OK  [0m] Started Update UTMP about System Boot/Shutdown.
[[0;32m  OK  [0m] Found device /dev/ttyS0.
[[0;32m  OK  [0m] Listening on Load/Save RF Kill Switch Status /dev/rfkill Watch.
[   23.324218] cloud-init[462]: Cloud-init v. 18.5-45-g3554ffe8-0ubuntu1~16.04.1 running 'init-local' at Thu, 09 May 2019 00:31:16 +0000. Up 22.68 seconds.
[[0;32m  OK  [0m] Started Initial cloud-init job (pre-networking).
[[0;32m  OK  [0m] Reached target Network (Pre).
[[0;32m  OK  [0m] Started Set console font and keymap.
[[0;32m  OK  [0m] Created slice system-getty.slice.
[[0;32m  OK  [0m] Started LSB: AppArmor initialization.
         Starting Raise network interfaces...
[[0;32m  OK  [0m] Started Raise network interfaces.
         Starting Initial cloud-init job (metadata service crawler)...
[[0;32m  OK  [0m] Reached target Network.
[   25.905400] cloud-init[924]: Cloud-init v. 18.5-45-g3554ffe8-0ubuntu1~16.04.1 running 'init' at Thu, 09 May 2019 00:31:19 +0000. Up 24.91 seconds.
[   26.041598] [cloud-init[0;32m  OK  [0m[924]: ] ci-info: +++++++++++++++++++++++++++++++++++++Net device info++++++++++++++++++++++++++++++++++++++Started Initial cloud-init job (metadata service crawler).

[   26.042472] cloud-init[924]: ci-info: +--------+------+---------------------------+---------------+--------+-------------------+
[   26.289197] [cloud-init[0;32m  OK  [0m[924]: ] ci-info: | Device |  Up  |          Address          |      Mask     | Scope  |     Hw-Address    |Reached target System Initialization.

[   26.289920] [cloud-init[0;32m  OK  [0m[924]: ] ci-info: +--------+------+---------------------------+---------------+--------+-------------------+Started Daily Cleanup of Temporary Directories.

[   26.496478]          cloud-initStarting Socket activation for snappy daemon.[924]: 
ci-info: | enp0s3 | True |         10.0.2.15         | 255.255.255.0 | global | 02:9d:0b:4d:ea:08 |
[   26.652535]          cloud-initStarting LXD - unix socket.[924]: 
ci-info: | enp0s3 | True | fe80::9d:bff:fe4d:ea08/64 |       .       |  link  | 02:9d:0b:4d:ea:08 |
[   26.713116] [cloud-init[0;32m  OK  [0m[924]: ] ci-info: |   lo   | True |         127.0.0.1         |   255.0.0.0   |  host  |         .         |Started Daily apt download activities.

[   26.714238] [[0;32m  OK  [0m] Started Daily apt upgrade and clean activities.
[[0;32m  OK  [0m] Reached target Timers.
cloud-init[924]: ci-info: |   lo   | True |          ::1/128          |       .       |  host  |         .         |
[   26.879218] [[0;32m  OK  [0m] Started ACPI Events Check.
[[0;32m  OK  [0m] Reached target Paths.
[[0;32m  OK  [0m] Listening on D-Bus System Message Bus Socket.
[[0;32m  OK  [0m] Listening on UUID daemon activation socket.
[[0;32m  OK  [0m] Listening on ACPID Listen Socket.
[[0;32m  OK  [0m] Reached target Cloud-config availability.
[[0;32m  OK  [0m] Reached target Network is Online.
cloud-init[924]: ci-info: +--------+------+---------------------------+---------------+--------+-------------------+
[   26.894373]          Starting iSCSI initiator daemon (iscsid)...
cloud-init[924]: ci-info: +++++++++++++++++++++++++++Route IPv4 info++++++++++++++++++++++++++++
[   26.897925] [[0;32m  OK  [0m] Listening on Socket activation for snappy daemon.
[[0;32m  OK  [0m] Listening on LXD - unix socket.
cloud-init[924]: ci-info: +-------+-------------+----------+---------------+-----------+-------+
[   26.964686] [cloud-init[0;32m  OK  [0m[924]: ] ci-info: | Route | Destination | Gateway  |    Genmask    | Interface | Flags |Reached target Sockets.

[[0;32m  OK  [0m] Reached target Basic System.
[   26.965270] cloud-init[924]: ci-info: +-------+-------------+----------+---------------+-----------+-------+
[   27.125833]          Starting LSB: MD monitoring daemon...
cloud-init[924]: ci-info: |   0   |   0.0.0.0   | 10.0.2.2 |    0.0.0.0    |   enp0s3  |   UG  |
[   27.178509] [cloud-init[0;32m  OK  [0m[924]: ] ci-info: |   1   |   10.0.2.0  | 0.0.0.0  | 255.255.255.0 |   enp0s3  |   U   |Started Regular background program processing daemon.

[   27.178900] cloud-init[924]: ci-info: +-------+-------------+----------+---------------+-----------+-------+
[   27.195271] cloud-init[924]: ci-info: +++++++++++++++++++Route IPv6 info+++++++++++++++++++
[   27.197145] cloud-init[924]: ci-info: +-------+-------------+---------+-----------+-------+
[   27.198906] cloud-init[924]: ci-info: | Route | Destination | Gateway | Interface | Flags |
[   27.200639] cloud-init[924]: ci-info: +-------+-------------+---------+-----------+-------+
[   27.202289] cloud-init[924]: ci-info: |   0   |  fe80::/64  |    ::   |   enp0s3  |   U   |
[   27.203906]          cloud-initStarting Pollinate to seed the pseudo random number generator...[924]: 
ci-info: |   3   |   ff00::/8  |    ::   |   enp0s3  |   U   |
[   27.253427]          cloud-initStarting LXD - container startup/shutdown...[924]: 
ci-info: +-------+-------------+---------+-----------+-------+
         Starting Login Service...
[   27.296982] cloud-init[924]: Generating public/private rsa key pair.
[   27.332620]          cloud-initStarting Snappy daemon...[924]: 
Your identification has been saved in /etc/ssh/ssh_host_rsa_key.
[   27.336785] cloud-init[924]: Your public key has been saved in /etc/ssh/ssh_host_rsa_key.pub.
[   27.338519] cloud-init[924]: The key fingerprint is:
[   27.350356] cloud-init[924]: SHA256:ZUftCi1fpmRoWdnqND4FOU15ugWjPYEl8dIOxeHwiXw root@ubuntu-xenial
[   27.351828] cloud-init[924]: The key's randomart image is:
[   27.353060] cloud-init[924]: +---[RSA 2048]----+
[   27.397097] cloud-init[924]: |            =%=o |
[   27.448487] cloud-init[924]: |           oBXX..|
[   27.488709] cloud-init[924]: |          o=*BE* |
[   27.504310] [[0;32m  OK  [0m] Started D-Bus System Message Bus.
cloud-init[924]: |         o*.O=O .|
[   27.548957] [cloud-init[0;32m  OK  [0m[924]: ] |        S. X B.+ |Started ACPI event daemon.

[   27.549472] cloud-init[924]: |            B .  |
[   27.612837]          cloud-initStarting Virtualbox guest utils...[924]: 
|             .   |
[   27.645688] [cloud-init[0;32m  OK  [0m[924]: ] |                 |Started Deferred execution scheduler.

[   27.646176] cloud-init[924]: |                 |
[   27.692996] cloud-init[924]: +----[SHA256]-----+
[   27.700868]          Starting LSB: Record successful boot for GRUB...
         Starting /etc/rc.local Compatibility...
cloud-init[924]: Generating public/private dsa key pair.
[   27.713949] cloud-init[924]: Your identification has been saved in /etc/ssh/ssh_host_dsa_key.
[   27.714531] cloud-init[924]: Your public key has been saved in /etc/ssh/ssh_host_dsa_key.pub.
[   27.714584] cloud-init[924]: The key fingerprint is:
[   27.714621] cloud-init[924]: SHA256:TqDxWtYqFZrOyyAU9myyPGRw6JJbrBxa6ZF0jMxvfJo root@ubuntu-xenial
[   27.714660] cloud-init[924]: The key's randomart image is:
[   27.714702] cloud-init[924]: +---[DSA 1024]----+
[   27.714749] cloud-init[924]: |                 |
[   27.714805] cloud-init[924]: | + o             |
[   27.714859] cloud-init[924]: |oo* + o          |
[   27.714956] cloud-init[924]: |+=+* * +         |
[   27.715053] cloud-init[924]: |oBB+B * S        |
[   27.715090] cloud-init[924]: |O*== O +         |
[   27.715125] cloud-init[924]: |==o E . .        |
[   27.715160] cloud-init[924]: | ..o o           |
[   27.715266] cloud-init[924]: |    o            |
[   27.715307] cloud-init[924]: +----[SHA256]-----+
[   27.715358] cloud-init[924]: Generating public/private ecdsa key pair.
[   27.715458] cloud-init[924]: Your identification has been saved in /etc/ssh/ssh_host_ecdsa_key.
[   27.715497] cloud-init[924]: Your public key has been saved in /etc/ssh/ssh_host_ecdsa_key.pub.
[   27.715548] cloud-init[924]: The key fingerprint is:
[   27.715782] cloud-init[924]: [SHA256:MRl2ttL9gNiKWwMM5xbEFNuxBO+Atlf58xVyiAZyPH0 root@ubuntu-xenial[0;32m  OK  [0m
] Started FUSE filesystem for LXC.
[   27.715905] cloud-init[924]: The key's randomart image is:
[   27.885676] cloud-init[924]: +---[ECDSA 256]---+
[   27.886944] cloud-init[924]: |    .+O+B.o      |
[   27.893793] cloud-init[924]: |     *.Xo&.=E.   |
[   27.900735]          Starting System Logging Service...
         Starting Accounts Service...
cloud-init[924]: |    o B %.B.= o  |
[   27.920273] [cloud-init[0;32m  OK  [0m[924]: ] |   . o * B   = . |Started Snappy daemon.

[[0;32m  OK  [0m] Started System Logging Service.
[   27.920865] cloud-init[924]: |    . o S o   o  |
[   27.976543] cloud-init[924]: |     . o . o .   |
[   27.983858] cloud-init[924]: |      .     .    |
[   27.985402] cloud-init[924]: |                 |
[   27.986903] cloud-init[924]: |                 |
[   28.003165] [cloud-init[0;32m  OK  [0m[924]: ] +----[SHA256]-----+Started Pollinate to seed the pseudo random number generator.

[   28.003674] [cloud-init[0;32m  OK  [0m[924]: ] Generating public/private ed25519 key pair.Started LXD - container startup/shutdown.

[   28.060181] [[0;32m  OK  [0m] Started /etc/rc.local Compatibility.
[[0;32m  OK  [0m] Started iSCSI initiator daemon (iscsid).
cloud-init[924]: Your identification has been saved in /etc/ssh/ssh_host_ed25519_key.
[   28.064006] cloud-init[924]: Your public key has been saved in /etc/ssh/ssh_host_ed25519_key.pub.
[   28.080518] cloud-init[[0;32m  OK  [0m] Started LSB: MD monitoring daemon.
[924]: The key fingerprint is:
[   28.083213] cloud-init[924]: SHA256:Zj7vwL04dDU9mOTfO05LrqreFrPqK7jvIZpuwa2cIDQ root@ubuntu-xenial
[   28.085332] cloud-init[924]: The key's randomart image is:
[   28.086684] cloud-init[924]: +--[ED25519 256]--+
[   28.091278] cloud-init[924]: |                 |
[   28.122064] cloud-init[924]: |            .    |
[   28.128493] cloud-init[924]: |           o +   |
[   28.147510] cloud-init[924]: | E          * o  |[[0;32m  OK  [0m] Started LSB: Record successful boot for GRUB.

[   28.156364] cloud-init[924]: |. o .   S  . o o |
[   28.172970] [[0;32m  OK  [0m] Started Login Service.
cloud-init[924]: |.. o . =...o  . .|
[   28.177752] cloud-init[924]: |. o +..o=.. +  o.|
[   28.179125] cloud-init[924]: |   =o...o=.+  +o.|
[[0;32m  OK  [0m] Started Unattended Upgrades Shutdown.
[   28.208549] cloud-init[924]: |  o+ .+o=OOo..o+.|
[   28.230559] cloud-init[924]: +----[SHA256]-----+
         Starting Authenticate and Authorize Users to Run Privileged Tasks...
         Starting Login to default iSCSI targets...
         Starting OpenBSD Secure Shell server...
         Starting Wait until snapd is fully seeded...
[[0;32m  OK  [0m] Started Virtualbox guest utils.
[[0;32m  OK  [0m] Started Authenticate and Authorize Users to Run Privileged Tasks.
[[0;32m  OK  [0m] Started OpenBSD Secure Shell server.
[[0;32m  OK  [0m] Started Accounts Service.
[[0;32m  OK  [0m] Started Login to default iSCSI targets.
[[0;32m  OK  [0m] Reached target Remote File Systems (Pre).
[[0;32m  OK  [0m] Reached target Remote File Systems.
         Starting LSB: automatic crash report generation...
         Starting LSB: Set the CPU Frequency Scaling governor to "ondemand"...
         Starting Permit User Sessions...
         Starting LSB: daemon to balance interrupts for SMP systems...
[[0;32m  OK  [0m] Started Permit User Sessions.
[[0;32m  OK  [0m] Started LSB: Set the CPU Frequency Scaling governor to "ondemand".
[[0;32m  OK  [0m] Started LSB: automatic crash report generation.
         Starting Terminate Plymouth Boot Screen...
         Starting Hold until boot process finishes up...
[[0;32m  OK  [0m] Started LSB: daemon to balance interrupts for SMP systems.
[[0;32m  OK  [0m] Started Terminate Plymouth Boot Screen.
[[0;32m  OK  [0m] Started Hold until boot process finishes up.
         Starting Set console scheme...
[[0;32m  OK  [0m] Started Serial Getty on ttyS0.
[[0;32m  OK  [0m] Started Getty on tty1.
[[0;32m  OK  [0m] Reached target Login Prompts.
[[0;32m  OK  [0m] Started Wait until snapd is fully seeded.
[[0;32m  OK  [0m] Started Set console scheme.
[[0;32m  OK  [0m] Reached target Multi-User System.
[[0;32m  OK  [0m] Reached target Graphical Interface.
         Starting Update UTMP about System Runlevel Changes...
         Starting Apply the settings specified in cloud-config...
[[0;32m  OK  [0m] Started Update UTMP about System Runlevel Changes.
[[0;32m  OK  [0m] Created slice User Slice of vagrant.
[[0;32m  OK  [0m] Started Session 1 of user vagrant.
         Starting User Manager for UID 1000...
[[0;32m  OK  [0m] Started User Manager for UID 1000.
[   30.351091] cloud-init[1263]: Generating locales (this might take a while)...
[   31.811936] cloud-init[1263]:   en_US.UTF-8... done
[   31.820377] cloud-init[1263]: Generation complete.
[   32.102918] cloud-init[1263]: Cloud-init v. 18.5-45-g3554ffe8-0ubuntu1~16.04.1 running 'modules:config' at Thu, 09 May 2019 00:31:24 +0000. Up 30.13 seconds.
[[0;32m  OK  [0m] Started Apply the settings specified in cloud-config.
         Starting Execute cloud user/final scripts...
ci-info: no authorized ssh keys fingerprints found for user ubuntu.
<14>May  9 00:31:26 ec2: 
<14>May  9 00:31:26 ec2: #############################################################
<14>May  9 00:31:26 ec2: -----BEGIN SSH HOST KEY FINGERPRINTS-----
<14>May  9 00:31:26 ec2: 1024 SHA256:TqDxWtYqFZrOyyAU9myyPGRw6JJbrBxa6ZF0jMxvfJo root@ubuntu-xenial (DSA)
<14>May  9 00:31:26 ec2: 256 SHA256:MRl2ttL9gNiKWwMM5xbEFNuxBO+Atlf58xVyiAZyPH0 root@ubuntu-xenial (ECDSA)
<14>May  9 00:31:26 ec2: 256 SHA256:Zj7vwL04dDU9mOTfO05LrqreFrPqK7jvIZpuwa2cIDQ root@ubuntu-xenial (ED25519)
<14>May  9 00:31:26 ec2: 2048 SHA256:ZUftCi1fpmRoWdnqND4FOU15ugWjPYEl8dIOxeHwiXw root@ubuntu-xenial (RSA)
<14>May  9 00:31:26 ec2: -----END SSH HOST KEY FINGERPRINTS-----
<14>May  9 00:31:26 ec2: #############################################################
-----BEGIN SSH HOST KEY KEYS-----
ecdsa-sha2-nistp256 AAAAE2VjZHNhLXNoYTItbmlzdHAyNTYAAAAIbmlzdHAyNTYAAABBBBR5K6JrVFIUEonDjQoUp9LbWNlntM9BlF/JNcKEoNbPXBJsiUxaE9JWs+U2NZom3X0J+ZtnYdjps9Z+J8CLSYY= root@ubuntu-xenial
ssh-ed25519 AAAAC3NzaC1lZDI1NTE5AAAAIFKP3cjo367oE2MpFatEcjY/H5XWN0/FXoo2a/g0oALr root@ubuntu-xenial
ssh-rsa AAAAB3NzaC1yc2EAAAADAQABAAABAQDcuKPuXCwcOfby9Wwtc8PIxf5Da9dmX+TGbwAfUXY/r2R1mlFDb/HRr5RM1M1T7A2Ix/tpieA9ICan4p8C4xwVTkbGkkO3OiTK8HI2Shfrtt/aOaAdAwMDR1Ggc6X6ombySSMyrlue/qO1x2bUFTG1KQsP9p8OsS0pPlfsmd6kgguRC3CkTSA820wDwhQ7QfVtzkqaDCj7u7xKQmiOCf7VmuqOn9Bt2sBczsbvXO8LadZOwkWBkFon/mLOVMwzCprVnd9w+63+RmthKz8DBzvwp6RGK4Uxf52QWbfI+KuD9NrTtDX1DKCoyeCKnLZbRGV1/77RSpZCXpIISf1mVTJd root@ubuntu-xenial
-----END SSH HOST KEY KEYS-----
[   32.904827] cloud-init[1462]: Cloud-init v. 18.5-45-g3554ffe8-0ubuntu1~16.04.1 running 'modules:final' at Thu, 09 May 2019 00:31:26 +0000. Up 32.64 seconds.
[   32.908140] cloud-init[1462]: ci-info: no authorized ssh keys fingerprints found for user ubuntu.
[   32.910712] cloud-init[1462]: Cloud-init v. 18.5-45-g3554ffe8-0ubuntu1~16.04.1 finished at Thu, 09 May 2019 00:31:27 +0000. Datasource DataSourceNoCloud [seed=/dev/sdb][dsmode=net].  Up 32.89 seconds
[[0;32m  OK  [0m] Started Execute cloud user/final scripts.
[[0;32m  OK  [0m] Reached target Cloud-init target.

Ubuntu 16.04.6 LTS ubuntu-xenial ttyS0

ubuntu-xenial login: 