[    0.000]Initialincgoup bs cpuet[   0.000] Iitliing grp ubsy cpu
[    0.000000] Initializing cgroup subsys cpuacct
[    0.000000] Linux version 4.4.0-146-generic (buildd@lgw01-amd64-035) (gcc version 5.4.0 20160609 (Ubuntu 5.4.0-6ubuntu1~16.04.10) ) #172-Ubuntu SMP Wed Apr 3 08:59:42 UTC 2019 (Ubuntu 4.4.0-146.172-generic 4.4.177)
[    0.000000] KERNEL supported cpu
[    0.000000]   Intel GenuineIntel
[    0.000000]   AMD AuthenticAMD
[    0.000000]   NSC Geode by NSC
[    0.000000]   Cyrix CyrixInstead
[    0.000000]   Centaur CentaurHauls
[    0.000000]   Transmeta GenuineTMx86
[    0.000000]   Transmeta TransmetaCPU
[    0.000000]   UMC UMC UMC UMC
[    0.000000] x86/fpu: xstate_offset[2]:  576, xstate_sizes[2]:  256
[    0.000000] x86/fpu: Supporting XSAVE feature 0x01: 'x87 floating point registers'
[    0.000000] x86/fpu: Supporting XSAVE feature 0x02: 'SSE registers'
[    0.000000] x86/fpu: Supporting XSAVE feature 0x04: 'AVX registers'
[    0.000000] x86/fpu: Enabled xstate features 0x7, context size is 832 bytes, using 'standard' format.
[    0.0000]820:IOprovedhyicalAMap:   0.000] BIOS-82 [em 00000000000000-0x000000000009fbff] usable
[    0.000000] BIOS-e820: [mem 0x000000000009fc00-0x000000000009ffff] reserved
[    0.000000] BIOS-e820: [mem 0x00000000000f0000-0x00000000000fffff] reserved
[    0.000000] BIOS-e820: [mem 0x0000000000100000-0x000000003ffeffff] usable
[    0.000000] BIOS-e820: [mem 0x000000003fff0000-0x000000003fffffff] ACPI data
[    0.000000] BIOS-e820: [mem 0x00000000fec00000-0x00000000fec00fff] reserved
[    0.000000] BIOS-e820: [mem 0x00000000fee00000-0x00000000fee00fff] reserved
[    0.000000] BIOS-e820: [mem 0x00000000fffc0000-0x00000000ffffffff] reserved
[    0.000000] NX (Execute Disable) protection: active
[    0.000000] SMBIOS 2.5 present.
[    0.000000] Hypervisor detected: KVM
[    0.000000] e820: last_pfn = 0x3fff0 max_arch_pfn = 0x1000000
[    0.000000] MTRR: Disabled
[    0.000000 x/PT: MTRRs disabled, skipping PAT initialization too.
[    0.000000] CPU MTRRs all blank - virtualized system.
[    0.000000] x86/PAT: Configuration [0-7]: WB  WT  UC- UC  WB  WT  UC- UC  
[    0.000000] found SMP MP-table at [mem 0x0009fff0-0x0009ffff] mapped at [c009fff0]
[    0.000000] Scanning 1 areas for low memory corruption
[    0.000000] RAMDISK: [mem 0x363c4000-0x371d9fff]
[    0.000000] ACPI: Early table checksum verification disabled
[    0.000000] ACPI: RSDP 0x00000000000E0000 000024 (v02 VBOX  )
[    0.000000] ACPI: XSDT 0x000000003FFF0030 00003C (v01 VBOX   VBOXXSDT 00000001 ASL  00000061)
[    0.000000] ACPI: FACP 0x000000003FFF00F0 0000F4 (v04 VBOX   VBOXFACP 00000001 ASL  00000061)
[    0.000000] ACPI: DSDT 0x000000003FFF0470 0021FF (v02 VBOX   VBOXBIOS 00000002 INTL 20100528)
[    0.000000] ACPI: FACS 0x000000003FFF0200 000040
[    0.000000] ACPI: FACS 0x000000003FFF0200 000040
[    0.000000] ACPI: APIC 0x000000003FFF0240 00005C (v02 VBOX   VBOXAPIC 00000001 ASL  00000061)
[    0.000000] ACPI: SSDT 0x000000003FFF02A0 0001CC (v01 VBOX   VBOXCPUT 00000002 INTL 20100528)
[    0.000000] 131MB HIGHMEM available.
[    0.000000] 891MB LOWMEM available.
[    0.000000]   mapped low ram: 0 - 37bfe000
[    0.000000]   low ram: 0 - 37bfe000
[    0.000000] kvm-clock: Using msrs 4b564d01 and 4b564d00
[    0.000000] kvm-clock: cpu 0, msr 0:37bfd001, primary cpu clock
[    0.000000] kvm-clock: using sched offset of 3150332558 cycles
[    0.000000] clocksource: kvm-clock: mask: 0xffffffffffffffff max_cycles: 0x1cd42e4dffb, max_idle_ns: 881590591483 ns
[    0.000000] Zone ranges:
[    0.000000]   DMA      [mem 0x0000000000001000-0x0000000000ffffff]
[    0.000000]   Normal   [mem 0x0000000001000000-0x0000000037bfdfff]
[    0.000000]   HighMem  [mem 0x0000000037bfe000-0x000000003ffeffff]
[    0.000000] Movable zone start for each node
[    0.000000] Early memory node ranges
[    0.000000]   node   0: [mem 0x0000000000001000-0x000000000009efff]
[    0.000000]   no   0: [mem 0x0000000000100000-0x000000003ffeffff]
[    0.000000] Initmem setup node 0 [mem 0x0000000000001000-0x000000003ffeffff]
[    0.000000] Using APIC driver default
[    0.000000] ACPI: PM-Timer IO Port: 0x4008
[    0.000000] IOAPIC[0]: apic_id 2, version 32, address 0xfec00000, GSI 0-23
[    0.000000] ACPI: INT_SRC_OVR (bus 0 bus_irq 0 global_irq 2 dfl dfl)
[    0.000000] ACPI: INT_SRC_OVR (bus 0 bus_irq 9 global_irq 9 low level)
[    0.000000] Using ACPI (MADT) for SMP configuration information
[    0.000000] smpboot: Allowing 2 CPUs, 0 hotplug CPUs
[    0.000000] PM: Registered nosave memory: [mem 0x00000000-0x00000fff]
[    0.000000] PM: Registered nosave memory: [mem 0x0009000-00ffff]
  0.000]M: Reisre nosveemry: [emx00a00-000efff
[   0.000]PM: gieredose memoy:me 0x0000-0x0fff]
  0.0000 e0: [m 400000xfebfff]vailblfo PCIeves
[    0.000000] Booting paravirtualized kernel on KVM
[    0.000000] clocksource: refined-jiffie: mask: 0xfffff x_cles 0ffffff, x_dle_: 4551001568s[   0.000] supercpu: NR_CPUS:8 nr_cpumask_bits:8 nr_cpu_ids:2 nr_node_ids:1
[    0.000000] PERCPU: Embedded 19 pages/cpu @f6392000 s47308 r0 d30516774
[  .0000]uit 1 nests in Zo oer, moily ropi o  Tol ges:590
[  .000000] Kernel command line: BOOT_IMAGE=/boot/vmlinuz-4.4.0-146-generic root=LABEL=cloudimg-rootfs ro console=tty1 console=ttyS0
[    0.000000] PID hash table entries: 4096 (order: 2, 16384 bytes)
   0.000000] Dentry cache hshtable etrs:1310 (der:, 4288 te
[   0.000] Ideache shablentres 65536 (rd:  26244 byts)
[    0.000]Initiling CPU#0
[    0.000000] Initializing HighMem for node 0 (00037bfe:0003fff0)
[    0.000000] Initializing Movable for node 0 (00000000:00000000)
[  0.0000Mery 10032104812K aiable (8099K kernel code, 788K rwdata, 3204K rodata, 932K init, 784K bss, 378 reserved, 0K cma-reserved, 135112K highmem)
[    0.000000] virtual kernel memory layout:
[    0.000000]     fixmap  : 0xfff15000 - 0xfffff000   ( 936 kB)
[    0.000000]     pkmap   : 0xffc00000 - 0xffe00000   (2048 kB)
[    0.000000]     vmalloc : 0xf83fe000 - 0xffbfe000   ( 120 MB)
[    0.000000]     lowmem  : 0xc0000000 - 0xf7bfe000   ( 891 MB)
[    0.000000]       .init : 0xc1bd3000  0xc1c0   ( 932 kB)
[    0.000000]       .data : 0xc17e92c8 - 0xc1bd1300   (4000 kB)
[    0.000000]       .text : 0xc1000000 - 0xc17e92c8   (8100 kB)
[    0.000000] Checking if this processor honours the WP bit even in supervisor mode...Ok.
[    0.000000] SLUB: HWalign=64, Order=0-3, MinObjects=0, CPUs=2, Nodes=1[    0000]Hierchal RU plmentaton
[  0.0000 	uildti ajustntf le fou t 3
[   0.0000 	CU stctngPUfrm NRPU8 to ncpids=.    0000 RCU: juing omry f r_fanoule=32,nrpuids=
  0.0000NRIRQS30nr_is:0 16
[    .000] Coso: colo V+ 0x25[   0.000000] console [tty1] enabled
[    0.000000] console [ttyS0] enabled
[    0.000000] allocated 1048576 bytes of page_ext
[    0.000000] tsc: Detected 3192.004 MHz processor
[    5.959395] Calibrating delay loop (skipped) preset value.. 63.0 BgoMIPS (lpj=12768016)
[    6.068367] pid_max: default: 32768 minimum: 301
[    6.122480] ACPI: Core revision 20150930
[    6.123888] ACPI: 2 ACPI AML tables successfully acquired and loaded
[    6.124894] Security Framework initialized
[    6.193900] Yama: becoming mindful.
[    6.194476] AppArmor: AppArmor initialized
[    6.195183] Mount-cache hash table entries: 2048 (order: 1, 8192 bytes)
[    6.295094] Mountpoint-cache hash table entries: 2048 (order: 1, 8192 bytes)
[    6.318313] Initializing cgroup subsys io
[    6.318923] Initializing cgroup subsys memory
[    6.319619] Initializing cgroup subsys devices
[    6.320252] Initializing cgroup subsys freezer
[    6.320874] Initializing cgroup subsys net_cls
[    6.393106] Initializing cgroup subsys perf_event
[    6.444278] Initializing cgroup subsys net_prio
[    6.448336] Initializing cgroup subsys hugetlb
[    6.456357] Initializing cgroup subsys pids
[    6.492077] mce: CPU supports 0 MCE banks
[    6.583494] Last level iTLB entries: 4KB 128, 2MB 8, 4MB 8
[    6.584311] Last level dTLB entries: 4KB 64, 2MB 0, 4MB 0, 1GB 4
[    6.585117] Spectre V2 : Mitigation: Full generic retpoline
[    6.585870] Spectre V2 : Spectre v2 / SpectreRSB mitigation: Filling RSB on context switch
[    6.587141] Speculative Store Bypass: Vulnerable
[    6.597736] Freeing SMP alternatives memory: 36K
[    6.602516] ftrace: allocating 31561 entries in 62 pages
[    6.651588] smpboot: APIC(0) Converting physical 0 to logical package 0
[    6.732030] smpboot: Max logical packages: 1
[    6.732762] Enabling APIC mode:  Flat.  Using 1 I/O APICs
[    6.736662] ..TIMER: vector=0x30 apic1=0 pin1=2 apic2=-1 pin2=-1
[  6.844338] smpboot: CPU0: Intel(R) Core(TM) i5-6500 CPU @ 3.20GHz (family: 0x6, model: 0x5e, stepping: 0x3)
[    7.161839] Performance Events: unsupported p6 CPU model 94 no PMU driver, software events only.
[    7.417727] KVM setup paravirtual spinlock
[    7.506260] x86: Booting SMP configuration:
[    7.507018] .... node  #0, CPUs:      #1
[1266874886.559219] Initializing CPU#1
[    7.508572] kvm-clock: cpu 1, msr 0:37bfd041, secondary cpu clock
[    7.511202] mce: CPU supports 0 MCE banks
[    7.513636] x86: Booted up 1 node, 2 CPUs
[    7.514554] smpboot: Total of 2 processors activated (12768.01 BogoMIPS)
[    7.516341] devtmpfs: initialized
[    7.546916] evm: security.selinux
[    7.639936] evm: security.SMACK64
[    7.738041] evm: security.SMACK64EXEC
[    7.757942] evm: security.SMACK64TRANSMUTE
[    7.758634] evm: security.SMACK64MMAP
[    7.759290] evm: security.ima
[    7.759835] evm: security.capability
[    7.760796] clocksource: jiffies: mask: 0xffffffff max_cycles: 0xffffffff, max_idle_ns: 7645041785100000 ns
[    7.888787] futex hash table entries: 512 (order: 3, 32768 bytes)
[    8.046393] pinctrl core: initialized pinctrl subsystem
[    8.177791] RTC time: 23:14:29, date: 04/25/19
[    8.299634] NET: Registered protocol family 16
[    8.404735] EISA bus registered
[    8.416139] cpuidle: using governor ladder
[    8.467179] cpuidle: using governor menu
[    8.490329] PCCT header not found.
[    8.491054] ACPI: bus type PCI registered
[    8.491694] acpiphp: ACPI Hot Plug PCI Controller Driver version: 0.5
[    8.567117] PCI : PCI BIOS area is rw and x. Use pci=nobios if you want it NX.
[    8.568481] PCI: PCI BIOS revision 2.10 entry at 0xfda26, last bus=0
[    8.569875] PCI: Using configuration type 1 for base access
[    8.585106] ACPI: Added _OSI(Module Device)
[    8.602325] ACPI: Added _OSI(Processor Device)
[    8.714059] ACPI: Added _OSI(3.0 _SCP Extensions)
[    8.714817] ACPI: Added _OSI(Processor Aggregator Device)
[    8.716195] ACPI: Executed 1 blocks of module-level executable AML code
[    8.719032] ACPI: Interpreter enabled
[    8.719695] ACPI: (supports S0 S5)
[    8.720271] ACPI: Using IOAPIC for interrupt routing
[    8.721117] PCI: Using host bridge windows from ACPI; if necessary, use "pci=nocrs" and report a bug
[    8.871061] ACPI: PCI Root Bridge [PCI0] (domain 0000 [bus 00-ff])
[    8.979155] acpi PNP0A03:00: _OSC: OS supports [ASPM ClockPM Segments MSI]
[    8.988198] acpi PNP0A03:00: _OSC: not requesting OS control; OS requires [ExtendedConfig ASPM ClockPM MSI]
[    8.989621] acpi PNP0A03:00: fail to add MMCONFIG information, can't access extended PCI configuration space under this bridge.
[    9.037310] PCI host bridge to bus 0000:00
[    9.059625] pci_bus 0000:00: root bus resource [io  0x0000-0x0cf7 window]
[    9.060570] pci_bus 0000:00: root bus resource [io  0x0d00-0xffff window]
[    9.061447] pci_bus 0000:00: root bus resource [mem 0x000a0000-0x000bffff window]
[    9.062687] pci_bus 0000:00: root bus resource [mem 0x40000000-0xfdffffff window]
[    9.063850] pci_bus 0000:00: root bus resource [bus 00-ff]
[    9.065920] pci 0000:00:01.1: legacy IDE quirk: reg 0x10: [io  0x01f0-0x01f7]
[    9.066831] pci 0000:00:01.1: legacy IDE quirk: reg 0x14: [io  0x03f6]
[    9.067706] pci 0000:00:01.1: legacy IDE quirk: reg 0x18: [io  0x0170-0x0177]
[    9.133315] pci 0000:00:01.1: legacy IDE quirk: reg 0x1c: [io  0x0376]
[    9.144641] pci 0000:00:07.0: quirk: [io  0x4000-0x403f] claimed by PIIX4 ACPI
[    9.252372] pci 0000:00:07.0: quirk: [io  0x4100-0x410f] claimed by PIIX4 SMB
[    9.257671] ACPI: PCI Interrupt Link [LNKA] (IRQs 5 9 10 *11)
[    9.414002] ACPI: PCI Interrupt Link [LNKB] (IRQs 5 9 *10 11)
[    9.554485] ACPI: PCI Interrupt Link [LNKC] (IRQs 5 *9 10 11)
[    9.619084] ACPI: PCI Interrupt Link [LNKD] (IRQs 5 9 10 *11)
[    9.620905] ACPI: Enabled 2 GPEs in block 00 to 07
[    9.622290] vgaarb: setting as boot device: PCI:0000:00:02.0
[    9.623442] vgaarb: device added: PCI:0000:00:02.0,decodes=io+mem,owns=io+mem,locks=none
[    9.625094] vgaarb: loaded
[    9.625811] vgaarb: bridge control possible 0000:00:02.0
[    9.627228] SCSI subsystem initialized
[    9.628148] ACPI: bus type USB registered
[    9.629054] usbcore: registered new interface driver usbfs
[    9.630281] usbcore: registered new interface driver hub
[    9.631620] usbcore: registered new device driver usb
[    9.632763] PCI: Using ACPI for IRQ routing
[    9.635744] NetLabel: Initializing
[    9.636438] NetLabel:  domain hash size = 128
[    9.637311] NetLabel:  protocols = UNLABELED CIPSOv4
[    9.663229] NetLabel:  unlabeled traffic allowed by default
[    9.831081] amd_nb: Cannot enumerate AMD northbridges
[    9.944722] clocksource: Switched to clocksource kvm-clock
[   .903] AppArmor: AppArmor Filesystem Enabled
[   10.078851] pnp: PnP ACPI init
[   10.079965] pnp: PnP ACPI: found 3 devices
[   10.080603] nPOSDibl bAC P
[   10.455740] clocksource: acpi_pm: mask: 0xffffff max_cycles: 0xffffff, max_idle_ns: 2085701024 ns
[   10.457126] NET: Registered protocol family 2
[   10.457927] TCP established hash table entries: 8192 (order: 3, 32768 bytes)
[   10.458890] TCP bind hash table entries: 8192 (order: 4, 65536 bytes)
[   10.459858] TCP: Hash tables configured (established 8192 bind 8192)
[   10.460753] UDP hash table entries: 512 (order: 2, 16384 bytes)
[   10.461658] UDP-Lite hash table entries: 512 (order: 2, 16384 bytes)
[   10.462580] NET: Registered protocol family 1
[   10.463343] pci 0000:00:00.0: Limiting direct PCI/PCI transfers
[   14659pc00:00:01.0: Activating ISA DMA hang workarounds
[   10.692626] Unpacking initramfs.
[   10.972531] Freeing initrd memory: 14424K
[   11.085218] platform rtc_cmos: registered platform RTC device (no PNP device found)
[   11.297373] Scanning for low memory corruption every 60 seconds
[   11.298684] audit: initializing netlink subsys (disabled)
[   11.434333] audit: type=2000 audit(1556234067.260:1): initialized
[   11.607157] Initialise system trusted keyring
[   11.693635] HugeTLB registered 2 MB page size, pre-allocated 0 pages
[   11.2763] ud: ad
[   .987 VFSDi qtadqt_6.
[   12.085506] tsc: Refined TSC clocksource calibration: 3193.086 MHz
[  10808clksrc t: sk 0xffffffffffaxycs:x26ca3, x_id_n 4072944s
[   13.642468] VFS: Dquot-cache hash table entries: 1024 (order 0, 4096 bytes)
[   13.757599] squashfs: version 4.0 (2009/01/31) Phillip Lougher
[   13.758852] fuse init (API version 7.23)
[   13.759736] Key type big_key registered
[   13.760336] Allocating IMA MOK and blacklist keyrings.
[   13.765044] Key type asymmetric registered
[   13.765679] Asymmetric key parser 'x509' registered
[   13.766393] bounce: pool size: 64 pages
[   13.767016] Block layer SCSI generic (bsg) driver version 0.4 loaded (major 249)
[   13.768314] io scheduler noop registered
[   13.768944] io scheduler deadline registered (default)
[   13.769807] io scheduler cfq registered
[   13.770474] pci_hotplug: PCI Hot Plug PCI Core version: 0.5
[   13.771293] pciehp: PCI Express Hot Plug Controller Driver version: 0.4
[   13.789041] ACPI: AC Adapter [AC] (on-line)
[   13.795489] input: Power Button as /devices/LNXSYSTM:00/LNXPWRBN:00/input/input0
[   13.796611] ACPI: Power Button [PWRF]
[   13.804211] input: Sleep Button as /devices/LNXSYSTM:00/LNXSLPBN:00/input/input1
[   13.805491] ACPI: Sleep Button [SLPF]
[   13.806336] GHES: HEST is not enabled!
[   13.807043] isapnp: Scanning for PnP cards...
[   13.809281] Serial: 8250/16550 driver, 32 ports, IRQ sharing enabled
[   13.831786] 00:02: ttyS0 at I/O 0x3f8 (irq = 4, base_baud = 115200) is a 16550A
[   13.866906] Linux agpgart interface v0.103
[   13.879508] loop: module loaded
[   13.882925] scsi host0: ata_piix
[   13.898777] scsi host1: ata_piix
[   13.938507] ata1: PATA max UDMA/33 cmd 0x1f0 ctl 0x3f6 bmdma 0xd000 irq 14
[   13.964506] ata2: PATA max UDMA/33 cmd 0x170 ctl 0x376 bmdma 0xd008 irq 15
[   13.965512] libphy: Fixed MDIO Bus: probed
[   13.966138] tun: Universal TUN/TAP device driver, 1.6
[   13.966887] tun: (C) 1999-2004 Max Krasnyansky <maxk@qualcomm.com>
[   13.967878] PPP generic driver version 2.4.2
[   13.968894] ehci_hcd: USB 2.0 'Enhanced' Host Controller (EHCI) Driver
[   13.969825] ehci-pci: EHCI PCI platform driver
[   13.970516] ehci-platform: EHCI generic platform driver
[   13.971362] ohci_hcd: USB 1.1 'Open' Host Controller (OHCI) Driver
[   13.972225] ohci-pci: OHCI PCI platform driver
[   13.972911] ohci-platform: OHCI generic platform driver
[   13.973739] uhci_hcd: USB Universal Host Controller Interface driver
[   13.974679] i8042: PNP: PS/2 Controller [PNP0303:PS2K,PNP0f03:PS2M] at 0x60,0x64 irq 1,12
[   13.976651] serio: i8042 KBD port at 0x60,0x64 irq 1
[   13.977402] serio: i8042 AUX port at 0x60,0x64 irq 12
[   13.978248] mousedev: PS/2 mouse device common for all mice
[   13.979554] input: AT Translated Set 2 keyboard as /devices/platform/i8042/serio0/input/input2
[   13.980890] rtc_cmos rtc_cmos: rtc core: registered rtc_cmos as rtc0
[   13.988820] rtc_cmos rtc_cmos: alarms up to one day, 114 bytes nvram
[   13.989762] i2c /dev entries driver
[   13.990437] device-mapper: uevent: version 1.0.3
[   13.991199] device-mapper: ioctl: 4.34.0-ioctl (2015-10-28) initialised: dm-devel@redhat.com
[   13.992525] platform eisa.0: Probing EISA bus 0
[   13.993268] platform eisa.0: EISA: Cannot allocate resource for mainboard
[   13.994174] platform eisa.0: Cannot allocate resource for EISA slot 1
[   13.995067] platform eisa.0: Cannot allocate resource for EISA slot 2
[   13.995947] platform eisa.0: Cannot allocate resource for EISA slot 3
[   13.996879] platform eisa.0: Cannot allocate resource for EISA slot 4
[   14.036096] platform eisa.0: Cannot allocate resource for EISA slot 5
[   14.048016] platform eisa.0: Cannot allocate resource for EISA slot 6
[   14.048925] platform eisa.0: Cannot allocate resource for EISA slot 7
[   14.049864] platform eisa.0: Cannot allocate resource for EISA slot 8
[   14.050807] platform eisa.0: EISA: Detected 0 cards
[   14.051598] cpufreq-nforce2: No nForce2 chipset.
[   14.052315] ledtrig-cpu: registered to indicate activity on CPUs
[   14.053446] NET: Registered protocol family 10
[   14.054309] NET: Registered protocol family 17
[   14.055071] Key type dns_resolver registered
[   14.055956] Using IPI No-Shortcut mode
[   14.056676] registered taskstats version 1
[   14.057395] Loading compiled-in X.509 certificates
[   14.059792] Loaded X.509 cert 'Build time autogenerated kernel key: 56be136ccd6c287fae9666a12323e6ec8043de9a'
[   14.061278] zswap: loaded using pool lzo/zbud
[   14.066031] Key type trusted registered
[   14.068429] Key type encrypted registered
[   14.069224] AppArmor: AppArmor sha1 policy hashing enabled
[   14.070068] ima: No TPM chip found, activating TPM-bypass!
[   14.070868] ima: Allocated hash algorithm: sha1
[   14.071635] evm: HMAC attrs: 0x1
[   14.072389]   Magic number: 15:475:252
[   14.073162] rtc_cmos rtc_cmos: setting system clock to 2019-04-25 23:14:35 UTC (1556234075)
[   14.074548] BIOS EDD facility v0.16 2004-Jun-25, 0 devices found
[   14.075397] EDD information not available.
[   14.165922] isapnp: No Plug & Play device found
[   14.192864] Freeing unused kernel memory: 932K
[   14.205676] Write protecting the kernel text: 8104k
[   14.206579] Write protecting the kernel read-only data: 3208k
[   14.207446] NX-protecting the kernel data: 6232k
Loading, please wait...
starting version 229
[   14.221382] random: systemd-udevd: uninitialized urandom read (16 bytes read, 0 bits of entropy available)
[   14.221934] random: udevadm: uninitialized urandom read (16 bytes read, 0 bits of entropy available)
[   14.229755] random: udevadm: uninitialized urandom read (16 bytes read, 0 bits of entropy available)
[   14.229789] random: udevadm: uninitialized urandom read (16 bytes read, 0 bits of entropy available)
[   14.229896] random: udevadm: uninitialized urandom read (16 bytes read, 0 bits of entropy available)
[   14.229936] random: udevadm: uninitialized urandom read (16 bytes read, 0 bits of entropy available)
[   14.229975] random: udevadm: uninitialized urandom read (16 bytes read, 0 bits of entropy available)
[   14.230066] random: udevadm: uninitialized urandom read (16 bytes read, 0 bits of entropy available)
[   14.230135] random: udevadm: uninitialized urandom read (16 bytes read, 0 bits of entropy available)
[   14.230173] random: udevadm: uninitialized urandom read (16 bytes read, 0 bits of entropy available)
[   14.561739] Fusion MPT base driver 3.04.20
[   14.562534] Copyright (c) 1999-2008 LSI Corporation
[   14.563406] e1000: Intel(R) PRO/1000 Network Driver - version 7.3.21-k8-NAPI
[   14.564356] e1000: Copyright (c) 1999-2006 Intel Corporation.
[   14.638583] Fusion MPT SPI Host driver 3.04.20
[   14.829238] input: ImExPS/2 Generic Explorer Mouse as /devices/platform/i8042/serio1/input/input4
[   14.972745] e1000 0000:00:03.0 eth0: (PCI:33MHz:32-bit) 02:82:a5:98:ba:c0
[   15.098181] e1000 0000:00:03.0 eth0: Intel(R) PRO/1000 Network Connection
[   15.323982] e1000 0000:00:03.0 enp0s3: renamed from eth0
[   15.325474] mptbase: ioc0: Initiating bringup
[   15.517170] ioc0: LSI53C1030 A0: Capabilities={Initiator}
[   15.823461] scsi host2: ioc0: LSI53C1030 A0, FwRev=00000000h, Ports=1, MaxQ=256, IRQ=20
[   15.933157] scsi 2:0:0:0: Direct-Access     VBOX     HARDDISK         1.0  PQ: 0 ANSI: 5
[   16.045279] scsi target2:0:0: Beginning Domain Validation
[   16.216744] scsi target2:0:0: Domain Validation skipping write tests
[   16.217912] scsi target2:0:0: Ending Domain Validation
[   16.219037] scsi target2:0:0: asynchronous
[   16.220163] scsi 2:0:1:0: Direct-Access     VBOX     HARDDISK         1.0  PQ: 0 ANSI: 5
[   16.368417] scsi target2:0:1: Beginning Domain Validation
[   16.511112] scsi target2:0:1: Domain Validation skipping write tests
[   16.512161] scsi target2:0:1: Ending Domain Validation
[   16.513092] scsi target2:0:1: asynchronous
[   16.519339] sd 2:0:0:0: [sda] 20971520 512-byte logical blocks: (10.7 GB/10.0 GiB)
[   16.519429] sd 2:0:0:0: Attached scsi generic sg0 type 0
[   16.653717] sd 2:0:1:0: [sdb] 20480 512-byte logical blocks: (10.5 MB/10.0 MiB)
[   16.653729] sd 2:0:1:0: Attached scsi generic sg1 type 0
[   16.654144] sd 2:0:1:0: [sdb] Write Protect is off
[   16.654414] sd 2:0:1:0: [sdb] Incomplete mode parameter data
[   16.654415] sd 2:0:1:0: [sdb] Assuming drive cache: write through
[   16.666612] sd 2:0:1:0: [sdb] Attached SCSI disk
[   16.995343] sd 2:0:0:0: [sda] Write Protect is off
[   17.025795] sd 2:0:0:0: [sda] Incomplete mode parameter data
[   17.027172] sd 2:0:0:0: [sda] Assuming drive cache: write through
[   17.037348]  sda: sda1
[   17.057592] sd 2:0:0:0: [sda] Attached SCSI disk
Begin: Loading e[   18.359837] md: linear personality registered for level -1
ssential drivers[   18.443192] md: multipath personality registered for level -4
 ... [   18.540871] md: raid0 personality registered for level 0
[   18.668065] md: raid1 personality registered for level 1
[   18.857581] raid6: mmxx1    gen()  7094 MB/s
[   18.997067] raid6: mmxx2    gen()  6965 MB/s
[   19.212965] raid6: sse1x1   gen()  5394 MB/s
[   19.401012] raid6: sse1x2   gen()  6939 MB/s
[   19.589375] raid6: sse2x1   gen() 12580 MB/s
[   19.817096] raid6: sse2x1   xor()  8651 MB/s
[   19.956963] raid6: sse2x2   gen() 13129 MB/s
[   20.129017] raid6: sse2x2   xor()  9564 MB/s
[   20.276834] raid6: avx2x1   gen() 21387 MB/s
[   20.413285] raid6: avx2x2   gen() 24472 MB/s
[   20.428003] raid6: using algorithm avx2x2 gen() 24472 MB/s
[   20.445969] raid6: using avx2x1 recovery algorithm
[   20.581162] xor: automatically using best checksumming function:
[   20.784769]    avx       : 24578.000 MB/sec
[   20.880013] async_tx: api initialized (async)
[   20.984131] md: raid6 personality registered for level 6
[   21.149432] md: raid5 personality registered for level 5
[   21.266501] md: raid4 personality registered for level 4
[   21.275992] md: raid10 personality registered for level 10
done.
Begin: Running /scripts/init-premount ... done.
Begin: Mounting root file system ... Begin: Running /scripts/local-top ... done.
Begin: Running /scripts/local-premount ... [   21.315417] Btrfs loaded
Scanning for Btrfs filesystems
done.
Warning: fsck no[   21.354815] EXT4-fs (sda1): mounted filesystem with ordered data mode. Opts: (null)
t present, so skipping root file system
done.
Begin: Running /scripts/local-bottom ... done.
Begin: Running /scripts/init-bottom ... done.
[   21.649587] systemd[1]: systemd 229 running in system mode. (+PAM +AUDIT +SELINUX +IMA +APPARMOR +SMACK +SYSVINIT +UTMP +LIBCRYPTSETUP +GCRYPT +GNUTLS +ACL +XZ -LZ4 +SECCOMP +BLKID +ELFUTILS +KMOD -IDN)
[   22.024216] systemd[1]: Detected virtualization oracle.
[   22.068974] systemd[1]: Detected architecture x86.

Welcome to [1mUbuntu 16.04.6 LTS[0m!

[   22.132518] systemd[1]: Set hostname to <ubuntu>.
[   22.137495] systemd[1]: Initializing machine ID from random generator.
[   22.138594] systemd[1]: Installed transient /etc/machine-id file.
[   22.245004] systemd[1]: Listening on /dev/initctl Compatibility Named Pipe.
[[0;32m  OK  [0m] Listening on /dev/initctl Compatibility Named Pipe.
[   22.247682] systemd[1]: Listening on Device-mapper event daemon FIFOs.
[[0;32m  OK  [0m] Listening on Device-mapper event daemon FIFOs.
[   22.250129] systemd[1]: Reached target Swap.
[[0;32m  OK  [0m] Reached target Swap.
[   22.252136] systemd[1]: Listening on Journal Socket (/dev/log).
[[0;32m  OK  [0m] Listening on Journal Socket (/dev/log).
[   22.256030] systemd[1]: Listening on LVM2 metadata daemon socket.
[[0;32m  OK  [0m] Listening on LVM2 metadata daemon socket.
[   22.258784] systemd[1]: Listening on Journal Socket.
[[0;32m  OK  [0m] Listening on Journal Socket.
[   22.261189] systemd[1]: Created slice System Slice.
[[0;32m  OK  [0m] Created slice System Slice.
[   22.273814] systemd[1]: Starting Monitoring of LVM2 mirrors, snapshots etc. using dmeventd or progress polling...
[   22.326657] random: nonblocking pool is initialized
         Starting Monitoring of LVM2 mirrors... dmeventd or progress polling...
[   22.336017] systemd[1]: Mounting Huge Pages File System...
         Mounting Huge Pages File System...
[   22.396959] systemd[1]: Starting Nameserver information manager...
         Starting Nameserver information manager...
[   22.636988] systemd[1]: Starting Create list of required static device nodes for the current kernel...
         Starting Create list of required st... nodes for the current kernel...
[   22.897422] systemd[1]: Listening on Journal Audit Socket.
[[0;32m  OK  [0m] Listening on Journal Audit Socket.
[   22.937640] systemd[1]: Created slice User and Session Slice.
[[0;32m  OK  [0m] Created slice User and Session Slice.
[   23.140900] systemd[1]: Listening on Syslog Socket.
[[0;32m  OK  [0m] Listening on Syslog Socket.
[   23.305700] systemd[1]: Starting Journal Service...
         Starting Journal Service...
[   23.372749] systemd[1]: Listening on udev Kernel Socket.
[[0;32m  OK  [0m] Listening on udev Kernel Socket.
[   23.375428] systemd[1]: Started Trigger resolvconf update for networkd DNS.
[[0;32m  OK  [0m] Started Trigger resolvconf update for networkd DNS.
[   23.390321] systemd[1]: Starting Remount Root and Kernel File Systems...
         [   23.393869] EXT4-fs (sda1): re-mounted. Opts: (null)
Starting Remount Root and Kernel File Systems...
[   23.465579] systemd[1]: Started Forward Password Requests to Wall Directory Watch.
[[0;32m  OK  [0m] Started Forward Password Requests to Wall Directory Watch.
[   23.708968] systemd[1]: Mounting POSIX Message Queue File System...
         Mounting POSIX Message Queue File System...
[   23.925463] systemd[1]: Reached target Slices.
[[0;32m  OK  [0m] Reached target Slices.
[   24.125268] systemd[1]: Listening on udev Control Socket.
[[0;32m  OK  [0m] Listening on udev Control Socket.
[   24.361431] systemd[1]: Reached target Encrypted Volumes.
[[0;32m  OK  [0m] Reached target Encrypted Volumes.
[   24.520876] systemd[1]: Reached target System Time Synchronized.
[[0;32m  OK  [0m] Reached target System Time Synchronized.
[   24.714238] systemd[1]: Reached target User and Group Name Lookups.
[[0;32m  OK  [0m] Reached target User and Group Name Lookups.
[   24.776831] systemd[1]: Mounting Debug File System...
         Mounting Debug File System...
[   24.858407] systemd[1]: Starting Uncomplicated firewall...
         Starting Uncomplicated firewall...
[   24.881515] systemd[1]: Starting Load Kernel Modules...
         Starting Load Kernel Modules...
[   24.943019] systemd[1]: Created slice system-serial\x2dgetty.slice.
[[0;32m  OK  [0m] Created slice system-serial\x2dgetty.slice.
[   25.074011] systemd[1]: Set up automount Arbitrary Executable File Formats File System Automount Point.
[[0;32m  OK  [0m] Set up automount Arbitrary Executab...ats File System Automount Point.
[   25.088355] Loading iSCSI transport class v2.0-870.
[   25.097523] systemd[1]: Starting Set console keymap...
         Starting Set con[   25.100353] iscsi: registered transport (tcp)
sole keymap...
[   25.101088] systemd[1]: Listening on LVM2 poll daemon socket.
[[0;32m  OK  [0m] Listening on LVM2 poll daemon socket.
[   25.105225] systemd[1]: Mounted POSIX Message Queue File System.
[[0;32m  OK  [0m] Mounted POSIX Message Queue File System.
[   25.107410] systemd[1]: Mounted Debug File System.
[[0;32m  OK  [0m] Mounted Debug File System.
[   25.109177] systemd[1]: Mounted Huge Pages File System.
[[0;32m  OK  [0m] Mounted Huge Pages File System.
[   25.111141] systemd[1]: Started Journal Service.
[[0;32m  OK  [0m] Started Journal Service.
[[0;32m  OK  [0m] Started Create list of required sta...ce nodes for the current kernel.
[[0;32m  OK  [0m] Started Remount Root and Kernel File Systems.
[[0;32m  OK  [0m] Started Uncom[   25.149605] iscsi: registered transport (iser)
plicated firewall.
[[0;32m  OK  [0m] Started Load Kernel Modules.
[[0;32m  OK  [0m] Started Set console keymap.
[[0;32m  OK  [0m] Started Nameserver information manager.
[[0;32m  OK  [0m] Started LVM2 metadata daemon.
         Mounting FUSE Control File System...
         Starting Apply Kernel Variables...
         Starting udev Coldplug all Devices...
         Starting Load/Save Random Seed...
         Starting Create Static Device Nodes in /dev...
         Starting Flush Journal to Persistent Storage...
[[0;32m  OK  [0m] Mounted FUSE Control File System.
[[0;32m  OK  [0m] Started Monitoring of LVM2 mirrors,...ng dmeventd or progress polling.
[[0;32m  OK  [0m] Started Apply Kernel Variables.
[[0;32m  OK  [0m] Started Load/Save Random Seed.
[[0;32m  OK  [0m] Started Create Static Device Nodes in /dev.
[[0;32m  OK  [0m] Started udev Coldplug all Devices.
         Starting udev Kernel Device Manager...
[[0;32m  OK  [0m] Reached target Local File Systems (Pre).
[[0;32m  OK  [0m] Reached target Local File Systems.
         Starting Initial cloud-init job (pre-networking)...
         Starting LSB: AppArmor initialization...
         Starting Commit a transient machine-id on disk...
         Starting Set console font and keymap...
         Starting Tell Plymouth To Write Out Runtime Data...
[[0;32m  OK  [0m] Started udev Kernel Device Manager.
[[0;32m  OK  [0m] Started Flush Journal to Persistent Storage.
[[0;32m  OK  [0m] Started Commit a transient machine-id on disk.
[[0;32m  OK  [0m] Started Tell Plymouth To Write Out Runtime Data.
         Starting Create Volatile Files and Directories...
[[0;32m  OK  [0m] Started Dispatch Password Requests to Console Directory Watch.
[[0;32m  OK  [0m] Started Create Volatile Files and Directories.
[[0;32m  OK  [0m] Found device /dev/ttyS0.
[[0;32m  OK  [0m] Listening on Load/Save RF Kill Switch Status /dev/rfkill Watch.
         Starting Update UTMP about System Boot/Shutdown...
[[0;32m  OK  [0m] Started Update UTMP about System Boot/Shutdown.
[   17.949906] cloud-init[466]: Cloud-init v. 18.5-45-g3554ffe8-0ubuntu1~16.04.1 running 'init-local' at Thu, 25 Apr 2019 23:14:48 +0000. Up 17.56 seconds.
[[0;32m  OK  [0m] Started LSB: AppArmor initialization.
[[0;32m  OK  [0m] Started Set console font and keymap.
[[0;32m  OK  [0m] Started Initial cloud-init job (pre-networking).
[[0;32m  OK  [0m] Reached target Network (Pre).
[[0;32m  OK  [0m] Created slice system-getty.slice.
         Starting Raise network interfaces...
[[0;32m  OK  [0m] Started Raise network interfaces.
[[0;32m  OK  [0m] Reached target Network.
         Starting Initial cloud-init job (metadata service crawler)...
[   19.721820] cloud-init[919]: Cloud-init v. 18.5-45-g3554ffe8-0ubuntu1~16.04.1 running 'init' at Thu, 25 Apr 2019 23:14:50 +0000. Up 19.16 seconds.
[   19.920951] cloud-init[919]: ci-info: ++++++++++++++++++++++++++++++++++++++Net device info++++++++++++++++++++++++++++++++++++++
[[0;32m  OK  [0m[   19.992566] cloud-init[919]: ci-info: +--------+------+----------------------------+---------------+--------+-------------------+
[   19.992647] cloud-init[919]: ci-info: | Device |  Up  |          Address           |      Mask     | Scope  |     Hw-Address    |
[   19.992718] cloud-init[919]: ci-info: +--------+------+----------------------------+---------------+--------+-------------------+
[   19.992793] cloud-init[919]: ci-info: | enp0s3 | True |         10.0.2.15          | 255.255.255.0 | global | 02:82:a5:98:ba:c0 |
[   19.992863] cloud-init[919]: ci-info: | enp0s3 | True | fe80::82:a5ff:fe98:bac0/64 |       .       |  link  | 02:82:a5:98:ba:c0 |
[   19.992932] cloud-init[919]: ci-info: |   lo   | True |         127.0.0.1          |   255.0.0.0   |  host  |         .         |
[   19.993001] cloud-init[919]: ci-info: |   lo   | True |          ::1/128           |       .       |  host  |         .         |
[   19.993069] cloud-init[919]: ci-info: +--------+------+----------------------------+---------------+--------+-------------------+
[   19.993192] cloud-init[919]: ci-info: +++++++++++++++++++++++++++Route IPv4 info++++++++++++++++++++++++++++
[   19.993266] cloud-init[919]: ci-info: +-------+-------------+----------+---------------+-----------+-------+
[   19.993335] cloud-init[919]: ci-info: | Route | Destination | Gateway  |    Genmask    | Interface | Flags |
[   19.993404] cloud-init[919]: ci-info: +-------+-------------+----------+---------------+-----------+-------+
[   19.993476] cloud-init[919]: ci-info: |   0   |   0.0.0.0   | 10.0.2.2 |    0.0.0.0    |   enp0s3  |   UG  |
[   19.993545] cloud-init[919]: ci-info: |   1   |   10.0.2.0  | 0.0.0.0  | 255.255.255.0 |   enp0s3  |   U   |
[   19.993614] cloud-init[919]: ci-info: +-------+-------------+----------+---------------+-----------+-------+
[   19.993683] cloud-init[919]: ci-info: +++++++++++++++++++Route IPv6 info+++++++++++++++++++
[   19.993753] cloud-init[919]: ci-info: +-------+-------------+---------+-----------+-------+
[   19.993821] cloud-init[919]: ci-info: | Route | Destination | Gateway | Interface | Flags |
[   19.993889] cloud-init[919]: ci-info: +-------+-------------+---------+-----------+-------+
[   19.993957] cloud-init[919]: ci-info: |   0   |  fe80::/64  |    ::   |   enp0s3  |   U   |
[   19.994026] cloud-init[919]: ci-info: |   3   |   ff00::/8  |    ::   |   enp0s3  |   U   |
[   19.994094] cloud-init[919]: ci-info: +-------+-------------+---------+-----------+-------+
[   19.994252] cloud-init[919]: Generating public/private rsa key pair.
[   19.994322] cloud-init[919]: Your identification has been saved in /etc/ssh/ssh_host_rsa_key.
[   19.994387] cloud-init[919]: Your public key has been saved in /etc/ssh/ssh_host_rsa_key.pub.
[   19.994453] cloud-init[919]: The key fingerprint is:
[   19.994517] cloud-init[919]: SHA256:iEC5LpRlBCTNDgSYw/9aTeHUho5N4sGlX+Dh+ad98HY root@ubuntu-xenial
[   19.994583] cloud-init[919]: The key's randomart image is:
[   19.994648] cloud-init[919]: +---[RSA 2048]----+
[   19.994713] cloud-init[919]: |OB+o. .+o        |
[   19.994778] cloud-init[919]: |*o+o ++=+o       |
[   19.994842] cloud-init[919]: | +*...X+o.       |
[   19.994908] cloud-init[919]: | ooo +.*o        |
[   19.994973] cloud-init[919]: |..  o +.S. o     |
[   19.995039] cloud-init[919]: |. .  o .  + o    |
[   19.995155] cloud-init[919]: | .  o    . . + E |
[   19.995222] cloud-init[919]: |   .        o .  |
[   19.995288] cloud-init[919]: |                 |
[   19.995356] cloud-init[919]: +----[SHA256]-----+
[   19.995421] cloud-init[919]: Generating public/private dsa key pair.
[   19.995485] cloud-init[919]: Your identification has been saved in /etc/ssh/ssh_host_dsa_key.
[   19.995550] cloud-init[919]: Your public key has been saved in /etc/ssh/ssh_host_dsa_key.pub.
[   19.995615] cloud-init[919]: The key fingerprint is:
[   19.995679] cloud-init[919]: SHA256:R0GRRmcEo1Sg84J1eLa7l/yVYMNlf82J5tL37gzv1UU root@ubuntu-xenial
[   19.995744] cloud-init[919]: The key's randomart image is:] Started Initial cloud-init job (metadata service crawler).
[[0;32m  OK  [0m] Reached target Cloud-config availability.
[[0;32m  OK  [0m] Reached target Network is Online.

[   24.124550] cloud-init[919]: +---[DSA 1024]----+
[   24.204976] cloud-init[919]: |        o=O=+    |
         Starting iSCSI initiator daemon (iscsid)...
[[0;32m  OK  [0m] Reached target System Initialization.
[[0;32m  OK  [0m] Listening on ACPID Listen Socket.
[   24.250964] cloud-init[919]: |       + .o=     |
[   24.540996] cloud-init[919]: |      = =..   o E|
[   24.596365] cloud-init[919]: |     o * o . o.+o|
[[0;32m  OK  [0m] Started ACPI Events Check.
[[0;32m  OK  [0m[   24.679519] cloud-init[919]: |    . . S . =o .*|
[   24.721043] cloud-init[919]: |       . o .+o .+|
[   24.721302] cloud-init[919]: |        .. o o+.o|
[   24.721335] cloud-init[919]: |         .+ ...+o|
[   24.721366] cloud-init[919]: |        .. ..  +B|
[   24.721397] cloud-init[919]: +----[SHA256]-----+
[   24.721427] cloud-init[919]: Generating public/private ecdsa key pair.
[   24.721458] cloud-init[919]: Your identification has been saved in /etc/ssh/ssh_host_ecdsa_key.
[   24.721489] cloud-init[919]: Your public key has been saved in /etc/ssh/ssh_host_ecdsa_key.pub.
[   24.721520] cloud-init[919]: The key fingerprint is:
[   24.721550] cloud-init[919]: SHA256:xnOAsD/VbqsHere/tPhqKByDTGjaNT5nsSCfF+fc3is root@ubuntu-xenial
[   24.721580] cloud-init[919]: The key's randomart image is:
[   24.721611] cloud-init[919]: +---[ECDSA 256]---+
[   24.721643] cloud-init[919]: |    .            |
[   24.721673] cloud-init[919]: |     o . .       |
[   24.721703] cloud-init[919]: |   .. . o .      |
[   24.721733] cloud-init[919]: |  + =.oo.o       |
[   24.721763] cloud-init[919]: | + B =oBS.+      |
[   24.721792] cloud-init[919]: |. . B Bo++..     |
[   24.721822] cloud-init[919]: |     * + +...    |
[   24.721852] cloud-init[919]: |      + o.Eo..   |
[   24.721881] cloud-init[919]: |       o.++**o   |
[   24.721911] cloud-init[919]: +----[SHA256]-----+
[   24.721941] cloud-init[919]: Generating public/private ed25519 key pair.
[   24.721971] cloud-init[919]: Your identification has been saved in /etc/ssh/ssh_host_ed25519_key.
[   24.722004] cloud-init[919]: Your public key has been saved in /etc/ssh/ssh_host_ed25519_key.pub.
[   24.722035] cloud-init[919]: The key fingerprint is:
[   24.722065] cloud-init[919]: SHA256:QTv2RsWkJt117zeHC6T46LhJ8bXbSTpl7Vs2wHLtDm8 root@ubuntu-xenial
[   24.722095] cloud-init[919]: The key's randomart image is:
[   24.722124] cloud-init[919]: +--[ED25519 256]--+
[   24.722184] cloud-init[919]: |        .  oo . .|
[   24.722229] cloud-init[919]: |       . o +.. ..|
[   24.722258] cloud-init[919]: |        * = o   .|
[   24.722289] cloud-init[919]: |       . O o. .o |
[   24.722319] cloud-init[919]: |      . S =..=.o+|
[   24.722349] cloud-init[919]: |       o = .=.+.+|
[   24.722379] cloud-init[919]: |      . o oo.o.oo|
[   24.722411] cloud-init[919]: |     . +  .= .=E.|
] Reached target Paths.
[[0;32m  OK  [0m] Started Daily Cleanup of Temporary Directories.
[[0;32m  OK  [0m[   24.725555] cloud-init[919]: |      +.. o.o o+ |
[   25.497365] cloud-init[919]: +----[SHA256]-----+
] Started Daily apt download activities.
[[0;32m  OK  [0m] Started Daily apt upgrade and clean activities.
[[0;32m  OK  [0m] Reached target Timers.
[[0;32m  OK  [0m] Listening on D-Bus System Message Bus Socket.
         Starting LXD - unix socket.
         Starting Socket activation for snappy daemon.
[[0;32m  OK  [0m] Listening on UUID daemon activation socket.
[[0;32m  OK  [0m] Listening on LXD - unix socket.
[[0;32m  OK  [0m] Listening on Socket activation for snappy daemon.
[[0;32m  OK  [0m] Started iSCSI initiator daemon (iscsid).
         Starting Login to default iSCSI targets...
[[0;32m  OK  [0m] Reached target Sockets.
[[0;32m  OK  [0m] Reached target Basic System.
         Starting Login Service...
         Starting LSB: MD monitoring daemon...
         Starting LSB: Record successful boot for GRUB...
[[0;32m  OK  [0m] Started FUSE filesystem for LXC.
[[0;32m  OK  [0m] Started Regular background program processing daemon.
[[0;32m  OK  [0m] Started Unattended Upgrades Shutdown.
         Starting Snappy daemon...
         Starting System Logging Service...
         Starting Pollinate to seed the pseudo random number generator...
         Starting Accounts Service...
         Starting Virtualbox guest utils...
         Starting /etc/rc.local Compatibility...
[[0;32m  OK  [0m] Started ACPI event daemon.
[[0;32m  OK  [0m] Started D-Bus System Message Bus.
[[0;32m  OK  [0m] Started Deferred execution scheduler.
         Starting LXD - container startup/shutdown...
[[0;32m  OK  [0m] Started System Logging Service.
[[0;32m  OK  [0m] Started /etc/rc.local Compatibility.
[[0;32m  OK  [0m] Started Snappy daemon.
[[0;32m  OK  [0m] Started LSB: MD monitoring daemon.
[[0;32m  OK  [0m] Started LSB: Record successful boot for GRUB.
[[0;32m  OK  [0m] Started Login to default iSCSI targets.
[[0;32m  OK  [0m] Started Virtualbox guest utils.
[[0;32m  OK  [0m] Started Login Service.
[[0;32m  OK  [0m] Started LXD - container startup/shutdown.
         Starting Authenticate and Authorize Users to Run Privileged Tasks...
[[0;32m  OK  [0m] Reached target Remote File Systems (Pre).
[[0;32m  OK  [0m] Reached target Remote File Systems.
         Starting LSB: daemon to balance interrupts for SMP systems...
         Starting LSB: Set the CPU Frequency Scaling governor to "ondemand"...
         Starting LSB: automatic crash report generation...
         Starting Permit User Sessions...
         Starting Wait until snapd is fully seeded...
[[0;32m  OK  [0m] Started Permit User Sessions.
[[0;32m  OK  [0m] Started Authenticate and Authorize Users to Run Privileged Tasks.
[[0;32m  OK  [0m] Started Accounts Service.
[[0;32m  OK  [0m] Started LSB: Set the CPU Frequency Scaling governor to "ondemand".
[[0;32m  OK  [0m] Started LSB: daemon to balance interrupts for SMP systems.
         Starting Hold until boot process finishes up...
         Starting Terminate Plymouth Boot Screen...
[[0;32m  OK  [0m] Started LSB: automatic crash report generation.
[[0;32m  OK  [0m] Started Hold until boot process finishes up.
[[0;32m  OK  [0m] Started Terminate Plymouth Boot Screen.
         Starting Set console scheme...
[[0;32m  OK  [0m] Started Serial Getty on ttyS0.
[[0;32m  OK  [0m] Started Getty on tty1.
[[0;32m  OK  [0m] Reached target Login Prompts.
[[0;32m  OK  [0m] Started Set console scheme.
[[0;32m  OK  [0m] Started Pollinate to seed the pseudo random number generator.
         Starting OpenBSD Secure Shell server...
[[0;32m  OK  [0m] Started OpenBSD Secure Shell server.
[[0;32m  OK  [0m] Created slice User Slice of vagrant.
         Starting User Manager for UID 1000...
[[0;32m  OK  [0m] Started User Manager for UID 1000.
[[0;32m  OK  [0m] Started Session 1 of user vagrant.
[[0;32m  OK  [0m] Started Wait until snapd is fully seeded.
[[0;32m  OK  [0m] Reached target Multi-User System.
[[0;32m  OK  [0m] Reached target Graphical Interface.
         Starting Update UTMP about System Runlevel Changes...
         Starting Apply the settings specified in cloud-config...
[[0;32m  OK  [0m] Started Update UTMP about System Runlevel Changes.
[   29.430389] cloud-init[1383]: Generating locales (this might take a while)...
[   30.053945] cloud-init[1383]:   en_US.UTF-8... done
[   30.069234] cloud-init[1383]: Generation complete.
[   30.311572] cloud-init[1383]: Cloud-init v. 18.5-45-g3554ffe8-0ubuntu1~16.04.1 running 'modules:config' at Thu, 25 Apr 2019 23:15:00 +0000. Up 29.33 seconds.
[[0;32m  OK  [0m] Started Apply the settings specified in cloud-config.
         Starting Execute cloud user/final scripts...
ci-info: no authorized ssh keys fingerprints found for user ubuntu.
<14>Apr 25 23:15:01 ec2: 
<14>Apr 25 23:15:01 ec2: #############################################################
<14>Apr 25 23:15:01 ec2: -----BEGIN SSH HOST KEY FINGERPRINTS-----
<14>Apr 25 23:15:01 ec2: 1024 SHA256:R0GRRmcEo1Sg84J1eLa7l/yVYMNlf82J5tL37gzv1UU root@ubuntu-xenial (DSA)
<14>Apr 25 23:15:01 ec2: 256 SHA256:xnOAsD/VbqsHere/tPhqKByDTGjaNT5nsSCfF+fc3is root@ubuntu-xenial (ECDSA)
<14>Apr 25 23:15:01 ec2: 256 SHA256:QTv2RsWkJt117zeHC6T46LhJ8bXbSTpl7Vs2wHLtDm8 root@ubuntu-xenial (ED25519)
<14>Apr 25 23:15:01 ec2: 2048 SHA256:iEC5LpRlBCTNDgSYw/9aTeHUho5N4sGlX+Dh+ad98HY root@ubuntu-xenial (RSA)
<14>Apr 25 23:15:01 ec2: -----END SSH HOST KEY FINGERPRINTS-----
<14>Apr 25 23:15:01 ec2: #############################################################
-----BEGIN SSH HOST KEY KEYS-----
ecdsa-sha2-nistp256 AAAAE2VjZHNhLXNoYTItbmlzdHAyNTYAAAAIbmlzdHAyNTYAAABBBIQAG4eVR7KvPLwKZ3ARrf5OnlScpZIOoSxOshSe4WKU9+p1KE1+gxyuk2+pMrrKZVP8kQdsHL7MzpQRf3dBrP4= root@ubuntu-xenial
ssh-ed25519 AAAAC3NzaC1lZDI1NTE5AAAAIGMLKMAWj52jEQz3AoyC4nAYGTrCtEdh20+W4Cfncr8d root@ubuntu-xenial
ssh-rsa AAAAB3NzaC1yc2EAAAADAQABAAABAQDHqLLW9lPcsYZSsk8TwiJtRA+XxO4HWIAsc84oTT1WSJdeTfblAw03kWxlPyY1Khqiw4mChNivEsAc1lasHyt6HDUAAbd2dq/Ym7RXULfeV5Ud8Z3pSSRBvhiWj9D7vLLeQjoiowMLYPi7phQK1Sx9reye37Ae5VbIrunE1QX3lAhimHvN9h7P3fm7w5lC/Xmx6/zX8J3015kohaFeNT+q4RXUOYH0PrlBdcDkBh5yu38uSO9WylaNe40qHHDZoIpX3rARTlYqVsj46G7gK9ObSWB6bOpEsw4ki6rRgHZzFcG15NkvNLKWwtb+60IzVRXrbmXpdn4boe+CV1bR0FXV root@ubuntu-xenial
-----END SSH HOST KEY KEYS-----
         Stopping User Manager for UID 1000...
[[0;32m  OK  [0m] Stopped User Manager for UID 1000.
[   31.716711] cloud-init[1484]: Cloud-init v. 18.5-45-g3554ffe8-0ubuntu1~16.04.1 running 'modules:final' at Thu, 25 Apr 2019 23:15:01 +0000. Up 30.70 seconds.
[[0;32m  OK  [0m] Started Execute cloud user/final scripts.
[   31.893356] cloud-init[1484]: ci-info: no authorized ssh keys fingerprints found for user ubuntu.
[   32.072290] cloud-init[1484]: Cloud-init v. 18.5-45-g3554ffe8-0ubuntu1~16.04.1 finished at Thu, 25 Apr 2019 23:15:02 +0000. Datasource DataSourceNoCloud [seed=/dev/sdb][dsmode=net].  Up 31.71 seconds
[[0;32m  OK  [0m] Removed slice User Slice of vagrant.
[[0;32m  OK  [0m] Reached target Cloud-init target.

Ubuntu 16.04.6 LTS ubuntu-xenial ttyS0

ubuntu-xenial login: 